--------------------------------------------------------------------------------
Release 14.7 Trace  (nt64)
Copyright (c) 1995-2013 Xilinx, Inc.  All rights reserved.

C:\Xilinx\14.7\ISE_DS\ISE\bin\nt64\unwrapped\trce.exe -intstyle ise -v 3 -s 4
-n 3 -fastpaths -xml Core.twx Core.ncd -o Core.twr Core.pcf -ucf Core.ucf

Design file:              Core.ncd
Physical constraint file: Core.pcf
Device,package,speed:     xc3s200,tq144,-4 (PRODUCTION 1.39 2013-10-13)
Report level:             verbose report

Environment Variable      Effect 
--------------------      ------ 
NONE                      No environment variables were set
--------------------------------------------------------------------------------

INFO:Timing:2698 - No timing constraints found, doing default enumeration.
INFO:Timing:3412 - To improve timing, see the Timing Closure User Guide (UG612).
INFO:Timing:2752 - To get complete path coverage, use the unconstrained paths 
   option. All paths that are not constrained will be reported in the 
   unconstrained paths section(s) of the report.
INFO:Timing:3339 - The clock-to-out numbers in this timing report are based on 
   a 50 Ohm transmission line loading model.  For the details of this model, 
   and for more information on accounting for different loading conditions, 
   please see the device datasheet.
INFO:Timing:3390 - This architecture does not support a default System Jitter 
   value, please add SYSTEM_JITTER constraint to the UCF to modify the Clock 
   Uncertainty calculation.
INFO:Timing:3389 - This architecture does not support 'Discrete Jitter' and 
   'Phase Error' calculations, these terms will be zero in the Clock 
   Uncertainty calculation.  Please make appropriate modification to 
   SYSTEM_JITTER to account for the unsupported Discrete Jitter and Phase 
   Error.



Data Sheet report:
-----------------
All values displayed in nanoseconds (ns)

Clock osc to Pad
------------+------------+------------------+--------+
            | clk (edge) |                  | Clock  |
Destination |   to PAD   |Internal Clock(s) | Phase  |
------------+------------+------------------+--------+
LED<0>      |   11.494(R)|osc_BUFGP         |   0.000|
LED<1>      |   10.836(R)|osc_BUFGP         |   0.000|
LED<2>      |   11.143(R)|osc_BUFGP         |   0.000|
LED<3>      |   11.780(R)|osc_BUFGP         |   0.000|
LED<4>      |   11.391(R)|osc_BUFGP         |   0.000|
LED<5>      |   10.667(R)|osc_BUFGP         |   0.000|
LED<6>      |   11.329(R)|osc_BUFGP         |   0.000|
LED<7>      |   11.124(R)|osc_BUFGP         |   0.000|
buzzer      |   10.341(R)|osc_BUFGP         |   0.000|
------------+------------+------------------+--------+

Clock to Setup on destination clock osc
---------------+---------+---------+---------+---------+
               | Src:Rise| Src:Fall| Src:Rise| Src:Fall|
Source Clock   |Dest:Rise|Dest:Rise|Dest:Fall|Dest:Fall|
---------------+---------+---------+---------+---------+
osc            |   11.391|         |         |         |
---------------+---------+---------+---------+---------+


Analysis completed Wed Dec 07 09:36:22 2016 
--------------------------------------------------------------------------------

Trace Settings:
-------------------------
Trace Settings 

Peak Memory Usage: 157 MB



