Running: C:\Xilinx\14.7\ISE_DS\ISE\bin\nt64\unwrapped\fuse.exe -intstyle ise -incremental -o C:/Users/noraw/Documents/VHDL/Sound/TestBench_isim_beh.exe -prj C:/Users/noraw/Documents/VHDL/Sound/TestBench_beh.prj work.TestBench 
ISim P.20131013 (signature 0x7708f090)
Number of CPUs detected in this system: 4
Turning on mult-threading, number of parallel sub-compilation jobs: 8 
Determining compilation order of HDL files
Parsing VHDL file "C:/Users/noraw/Documents/VHDL/Sound/Core.vhd" into library work
Parsing VHDL file "C:/Users/noraw/Documents/VHDL/Sound/TestBench.vhd" into library work
Starting static elaboration
Completed static elaboration
Compiling package standard
Compiling package std_logic_1164
Compiling package numeric_std
Compiling architecture behavioral of entity Core [\Core(86000,76620,68259,64428,57...]
Compiling architecture behavior of entity testbench
Time Resolution for simulation is 1ps.
Waiting for 1 sub-compilation(s) to finish...
Compiled 6 VHDL Units
Built simulation executable C:/Users/noraw/Documents/VHDL/Sound/TestBench_isim_beh.exe
Fuse Memory Usage: 34548 KB
Fuse CPU Usage: 577 ms
