Release 14.7 - ngc2edif P.20131013 (nt)
Copyright (c) 1995-2013 Xilinx, Inc.  All rights reserved.
Reading design Main.ngc ...
WARNING:NetListWriters:298 - No output is written to Main.xncf, ignored.
Processing design ...
   Preping design's networks ...
   Preping design's macros ...
  finished :Prep
Writing EDIF netlist file Main.edif ...
ngc2edif: Total memory usage is 76660 kilobytes

Release 14.7 - ngc2edif P.20131013 (nt)
Copyright (c) 1995-2013 Xilinx, Inc.  All rights reserved.
Reading design Main.ngc ...
WARNING:NetListWriters:298 - No output is written to Main.xncf, ignored.
Processing design ...
   Preping design's networks ...
   Preping design's macros ...
  finished :Prep
Writing EDIF netlist file Main.edif ...
ngc2edif: Total memory usage is 76468 kilobytes

Release 14.7 - ngc2edif P.20131013 (nt)
Copyright (c) 1995-2013 Xilinx, Inc.  All rights reserved.
Reading design Main.ngc ...
WARNING:NetListWriters:298 - No output is written to Main.xncf, ignored.
Processing design ...
   Preping design's networks ...
   Preping design's macros ...
  finished :Prep
Writing EDIF netlist file Main.edif ...
ngc2edif: Total memory usage is 77492 kilobytes

Release 14.7 - ngc2edif P.20131013 (nt)
Copyright (c) 1995-2013 Xilinx, Inc.  All rights reserved.
Reading design Main.ngc ...
WARNING:NetListWriters:298 - No output is written to Main.xncf, ignored.
Processing design ...
   Preping design's networks ...
   Preping design's macros ...
WARNING:NetListWriters:306 - Signal bus CountSegment_add0000<6 : 2> on block
   Main is not reconstructed, because there are some missing bus signals.
  finished :Prep
Writing EDIF netlist file Main.edif ...
ngc2edif: Total memory usage is 76980 kilobytes

