--------------------------------------------------------------------------------
Release 14.7 Trace  (nt64)
Copyright (c) 1995-2013 Xilinx, Inc.  All rights reserved.

C:\Xilinx\14.7\ISE_DS\ISE\bin\nt64\unwrapped\trce.exe -intstyle ise -v 3 -s 4
-n 3 -fastpaths -xml Segment.twx Segment.ncd -o Segment.twr Segment.pcf -ucf
Segment.ucf

Design file:              Segment.ncd
Physical constraint file: Segment.pcf
Device,package,speed:     xc3s200,tq144,-4 (PRODUCTION 1.39 2013-10-13)
Report level:             verbose report

Environment Variable      Effect 
--------------------      ------ 
NONE                      No environment variables were set
--------------------------------------------------------------------------------

INFO:Timing:2698 - No timing constraints found, doing default enumeration.
INFO:Timing:3412 - To improve timing, see the Timing Closure User Guide (UG612).
INFO:Timing:2752 - To get complete path coverage, use the unconstrained paths 
   option. All paths that are not constrained will be reported in the 
   unconstrained paths section(s) of the report.
INFO:Timing:3339 - The clock-to-out numbers in this timing report are based on 
   a 50 Ohm transmission line loading model.  For the details of this model, 
   and for more information on accounting for different loading conditions, 
   please see the device datasheet.
INFO:Timing:3390 - This architecture does not support a default System Jitter 
   value, please add SYSTEM_JITTER constraint to the UCF to modify the Clock 
   Uncertainty calculation.
INFO:Timing:3389 - This architecture does not support 'Discrete Jitter' and 
   'Phase Error' calculations, these terms will be zero in the Clock 
   Uncertainty calculation.  Please make appropriate modification to 
   SYSTEM_JITTER to account for the unsupported Discrete Jitter and Phase 
   Error.



Data Sheet report:
-----------------
All values displayed in nanoseconds (ns)

Setup/Hold to clock clk
------------+------------+------------+------------------+--------+
            |Max Setup to|Max Hold to |                  | Clock  |
Source      | clk (edge) | clk (edge) |Internal Clock(s) | Phase  |
------------+------------+------------+------------------+--------+
bcd<0>      |    1.705(R)|    0.354(R)|clk_BUFGP         |   0.000|
bcd<1>      |    2.010(R)|    0.423(R)|clk_BUFGP         |   0.000|
bcd<2>      |    1.789(R)|    0.580(R)|clk_BUFGP         |   0.000|
bcd<3>      |    1.914(R)|    0.248(R)|clk_BUFGP         |   0.000|
------------+------------+------------+------------------+--------+

Clock clk to Pad
------------+------------+------------------+--------+
            | clk (edge) |                  | Clock  |
Destination |   to PAD   |Internal Clock(s) | Phase  |
------------+------------+------------------+--------+
Segments<0> |    9.760(R)|clk_BUFGP         |   0.000|
Segments<1> |    9.567(R)|clk_BUFGP         |   0.000|
Segments<2> |    9.822(R)|clk_BUFGP         |   0.000|
Segments<3> |    9.834(R)|clk_BUFGP         |   0.000|
Segments<4> |    9.524(R)|clk_BUFGP         |   0.000|
Segments<5> |    9.783(R)|clk_BUFGP         |   0.000|
Segments<6> |    9.226(R)|clk_BUFGP         |   0.000|
dc<0>       |    8.731(R)|clk_BUFGP         |   0.000|
dc<1>       |    9.128(R)|clk_BUFGP         |   0.000|
dc<2>       |    9.502(R)|clk_BUFGP         |   0.000|
dc<3>       |   10.021(R)|clk_BUFGP         |   0.000|
------------+------------+------------------+--------+

Clock to Setup on destination clock clk
---------------+---------+---------+---------+---------+
               | Src:Rise| Src:Fall| Src:Rise| Src:Fall|
Source Clock   |Dest:Rise|Dest:Rise|Dest:Fall|Dest:Fall|
---------------+---------+---------+---------+---------+
clk            |    3.859|         |         |         |
---------------+---------+---------+---------+---------+


Analysis completed Sat Nov 19 22:00:09 2016 
--------------------------------------------------------------------------------

Trace Settings:
-------------------------
Trace Settings 

Peak Memory Usage: 157 MB



