#-----------------------------------------------------------
# PlanAhead v14.7
# Build 321239 by xbuild on Fri Sep 27 19:31:35 MDT 2013
# Start of session at: Sat Nov 19 21:54:36 2016
# Process ID: 2008
# Log file: C:/Users/noraw/Documents/VHDL/MiniProj/planAhead_run_3/planAhead.log
# Journal file: C:/Users/noraw/Documents/VHDL/MiniProj/planAhead_run_3/planAhead.jou
#-----------------------------------------------------------
INFO: [Common 17-78] Attempting to get a license: PlanAhead
INFO: [Common 17-290] Got license for PlanAhead
INFO: [Device 21-36] Loading parts and site information from C:/Xilinx/14.7/ISE_DS/PlanAhead/data/parts/arch.xml
Parsing RTL primitives file [C:/Xilinx/14.7/ISE_DS/PlanAhead/data/parts/xilinx/rtl/prims/rtl_prims.xml]
Finished parsing RTL primitives file [C:/Xilinx/14.7/ISE_DS/PlanAhead/data/parts/xilinx/rtl/prims/rtl_prims.xml]
start_gui
source C:/Users/noraw/Documents/VHDL/MiniProj/pa.fromNetlist.tcl
# create_project -name MiniProj -dir "C:/Users/noraw/Documents/VHDL/MiniProj/planAhead_run_3" -part xc3s200tq144-4
# set_property design_mode GateLvl [get_property srcset [current_run -impl]]
# set_property edif_top_file "C:/Users/noraw/Documents/VHDL/MiniProj/Segment.ngc" [ get_property srcset [ current_run ] ]
# add_files -norecurse { {C:/Users/noraw/Documents/VHDL/MiniProj} }
# set_property target_constrs_file "Segment.ucf" [current_fileset -constrset]
Adding file 'C:/Users/noraw/Documents/VHDL/MiniProj/Segment.ucf' to fileset 'constrs_1'
# add_files [list {Segment.ucf}] -fileset [get_property constrset [current_run]]
# link_design
Design is defaulting to srcset: sources_1
Design is defaulting to constrset: constrs_1
Design is defaulting to project part: xc3s200tq144-4
Release 14.7 - ngc2edif P.20131013 (nt)
Copyright (c) 1995-2013 Xilinx, Inc.  All rights reserved.

Release 14.7 - ngc2edif P.20131013 (nt)
Copyright (c) 1995-2013 Xilinx, Inc.  All rights reserved.
Reading design Segment.ngc ...
WARNING:NetListWriters:298 - No output is written to Segment.xncf, ignored.
Processing design ...
   Preping design's networks ...
   Preping design's macros ...
  finished :Prep
Writing EDIF netlist file Segment.edif ...
ngc2edif: Total memory usage is 76660 kilobytes

Parsing EDIF File [./planAhead_run_3/MiniProj.data/cache/Segment_ngc_zx.edif]
Finished Parsing EDIF File [./planAhead_run_3/MiniProj.data/cache/Segment_ngc_zx.edif]
INFO: [Designutils 20-910] Reading macro library C:/Xilinx/14.7/ISE_DS/PlanAhead/data\./parts/xilinx/spartan3/hd_int_macros.edn
Parsing EDIF File [C:/Xilinx/14.7/ISE_DS/PlanAhead/data\./parts/xilinx/spartan3/hd_int_macros.edn]
Finished Parsing EDIF File [C:/Xilinx/14.7/ISE_DS/PlanAhead/data\./parts/xilinx/spartan3/hd_int_macros.edn]
Loading clock regions from C:/Xilinx/14.7/ISE_DS/PlanAhead/data\parts/xilinx/spartan3/spartan3/xc3s200/ClockRegion.xml
Loading clock buffers from C:/Xilinx/14.7/ISE_DS/PlanAhead/data\parts/xilinx/spartan3/spartan3/xc3s200/ClockBuffers.xml
Loading package from C:/Xilinx/14.7/ISE_DS/PlanAhead/data\parts/xilinx/spartan3/spartan3/xc3s200/tq144/Package.xml
Loading io standards from C:/Xilinx/14.7/ISE_DS/PlanAhead/data\./parts/xilinx/spartan3/IOStandards.xml
INFO: [Device 21-19] Loading pkg sso from C:/Xilinx/14.7/ISE_DS/PlanAhead/data\parts/xilinx/spartan3/spartan3/xc3s200/tq144/SSORules.xml
Loading list of drcs for the architecture : C:/Xilinx/14.7/ISE_DS/PlanAhead/data\./parts/xilinx/spartan3/drc.xml
INFO: [Timing 38-77] Reading timing library C:/Xilinx/14.7/ISE_DS/PlanAhead/data\parts/xilinx/spartan3/spartan3/spartan3-4.lib.
INFO: [Timing 38-34] Done reading timing library C:/Xilinx/14.7/ISE_DS/PlanAhead/data\parts/xilinx/spartan3/spartan3/spartan3-4.lib.
Parsing UCF File [C:/Users/noraw/Documents/VHDL/MiniProj/Segment.ucf]
CRITICAL WARNING: [Constraints 18-11] Could not find net or pin 'd0' [C:/Users/noraw/Documents/VHDL/MiniProj/Segment.ucf:3]
CRITICAL WARNING: [Constraints 18-11] Could not find net or pin 'd1' [C:/Users/noraw/Documents/VHDL/MiniProj/Segment.ucf:4]
CRITICAL WARNING: [Constraints 18-11] Could not find net or pin 'd2' [C:/Users/noraw/Documents/VHDL/MiniProj/Segment.ucf:5]
CRITICAL WARNING: [Constraints 18-11] Could not find net or pin 'd3' [C:/Users/noraw/Documents/VHDL/MiniProj/Segment.ucf:6]
Finished Parsing UCF File [C:/Users/noraw/Documents/VHDL/MiniProj/Segment.ucf]
INFO: [Designutils 20-20] Invalid constraints found, use command 'write_ucf -constraints invalid <file>' to save all the invalid constraints to a file
INFO: [Project 1-111] Unisim Transformation Summary:
No Unisim elements were transformed.

Phase 0 | Netlist Checksum: aeabf8c4
link_design: Time (s): elapsed = 00:00:06 . Memory (MB): peak = 500.758 ; gain = 79.434
startgroup
set_property package_pin P41 [get_ports {dc[3]}]
endgroup
startgroup
set_property package_pin P36 [get_ports {dc[2]}]
endgroup
startgroup
set_property package_pin P33 [get_ports {dc[1]}]
endgroup
startgroup
set_property package_pin P31 [get_ports {dc[0]}]
endgroup
save_constraints
exit
ERROR: [PlanAhead 12-106] *** Exception: ui.h.b: Found deleted key in HTclEventBroker. Verify if the classes listed here call cleanup()
HTclEvent: DEBUG_CORE_CONFIG_CHANGE   Classes: ui.views.aR 
HTclEvent: SIGNAL_MODIFY   Classes: ui.views.aR 
HTclEvent: SIGNAL_BUS_MODIFY   Classes: ui.views.aR 
HTclEvent: DEBUG_PORT_CONFIG_CHANGE   Classes: ui.views.aR 
 (See C:/Users/noraw/Documents/VHDL/MiniProj\planAhead_pid2008.debug)
ERROR: [Common 17-39] 'stop_gui' failed due to earlier errors.
INFO: [Common 17-206] Exiting PlanAhead at Sat Nov 19 22:25:05 2016...
INFO: [Common 17-83] Releasing license: PlanAhead
