Release 14.7 - xst P.20131013 (nt64)
Copyright (c) 1995-2013 Xilinx, Inc.  All rights reserved.
--> Parameter TMPDIR set to xst/projnav.tmp


Total REAL time to Xst completion: 0.00 secs
Total CPU time to Xst completion: 0.31 secs
 
--> Parameter xsthdpdir set to xst


Total REAL time to Xst completion: 0.00 secs
Total CPU time to Xst completion: 0.32 secs
 
--> Reading design: SevenSegment.prj

TABLE OF CONTENTS
  1) Synthesis Options Summary
  2) HDL Compilation
  3) Design Hierarchy Analysis
  4) HDL Analysis
  5) HDL Synthesis
     5.1) HDL Synthesis Report
  6) Advanced HDL Synthesis
     6.1) Advanced HDL Synthesis Report
  7) Low Level Synthesis
  8) Partition Report
  9) Final Report
	9.1) Device utilization summary
	9.2) Partition Resource Summary
	9.3) TIMING REPORT


=========================================================================
*                      Synthesis Options Summary                        *
=========================================================================
---- Source Parameters
Input File Name                    : "SevenSegment.prj"
Input Format                       : mixed
Ignore Synthesis Constraint File   : NO

---- Target Parameters
Output File Name                   : "SevenSegment"
Output Format                      : NGC
Target Device                      : xc3s200-4-tq144

---- Source Options
Top Module Name                    : SevenSegment
Automatic FSM Extraction           : YES
FSM Encoding Algorithm             : Auto
Safe Implementation                : No
FSM Style                          : LUT
RAM Extraction                     : Yes
RAM Style                          : Auto
ROM Extraction                     : Yes
Mux Style                          : Auto
Decoder Extraction                 : YES
Priority Encoder Extraction        : Yes
Shift Register Extraction          : YES
Logical Shifter Extraction         : YES
XOR Collapsing                     : YES
ROM Style                          : Auto
Mux Extraction                     : Yes
Resource Sharing                   : YES
Asynchronous To Synchronous        : NO
Multiplier Style                   : Auto
Automatic Register Balancing       : No

---- Target Options
Add IO Buffers                     : YES
Global Maximum Fanout              : 500
Add Generic Clock Buffer(BUFG)     : 8
Register Duplication               : YES
Slice Packing                      : YES
Optimize Instantiated Primitives   : NO
Use Clock Enable                   : Yes
Use Synchronous Set                : Yes
Use Synchronous Reset              : Yes
Pack IO Registers into IOBs        : Auto
Equivalent register Removal        : YES

---- General Options
Optimization Goal                  : Speed
Optimization Effort                : 1
Keep Hierarchy                     : No
Netlist Hierarchy                  : As_Optimized
RTL Output                         : Yes
Global Optimization                : AllClockNets
Read Cores                         : YES
Write Timing Constraints           : NO
Cross Clock Analysis               : NO
Hierarchy Separator                : /
Bus Delimiter                      : <>
Case Specifier                     : Maintain
Slice Utilization Ratio            : 100
BRAM Utilization Ratio             : 100
Verilog 2001                       : YES
Auto BRAM Packing                  : NO
Slice Utilization Ratio Delta      : 5

=========================================================================


=========================================================================
*                          HDL Compilation                              *
=========================================================================
Compiling vhdl file "C:/Users/noraw/Documents/VHDL/VendingMachine/SevenSegment.vhd" in Library work.
Entity <sevensegment> compiled.
Entity <sevensegment> (Architecture <behavioral>) compiled.

=========================================================================
*                     Design Hierarchy Analysis                         *
=========================================================================
Analyzing hierarchy for entity <SevenSegment> in library <work> (architecture <behavioral>).


=========================================================================
*                            HDL Analysis                               *
=========================================================================
Analyzing Entity <SevenSegment> in library <work> (Architecture <behavioral>).
Entity <SevenSegment> analyzed. Unit <SevenSegment> generated.


=========================================================================
*                           HDL Synthesis                               *
=========================================================================

Performing bidirectional port resolution...

Synthesizing Unit <SevenSegment>.
    Related source file is "C:/Users/noraw/Documents/VHDL/VendingMachine/SevenSegment.vhd".
    Found 16x7-bit ROM for signal <Segments$mux0001> created at line 67.
    Found 7-bit register for signal <Segments>.
    Found 4-bit register for signal <Digits>.
    Found 32-bit up counter for signal <CountSegment>.
    Found 32-bit adder for signal <CountSegment$addsub0000> created at line 50.
    Found 4-bit register for signal <CurrentData>.
    Found 32-bit register for signal <SegmentState>.
    Found 32-bit adder for signal <SegmentState$addsub0000> created at line 54.
    Summary:
	inferred   1 ROM(s).
	inferred   1 Counter(s).
	inferred  47 D-type flip-flop(s).
	inferred   2 Adder/Subtractor(s).
Unit <SevenSegment> synthesized.


=========================================================================
HDL Synthesis Report

Macro Statistics
# ROMs                                                 : 1
 16x7-bit ROM                                          : 1
# Adders/Subtractors                                   : 2
 32-bit adder                                          : 2
# Counters                                             : 1
 32-bit up counter                                     : 1
# Registers                                            : 4
 32-bit register                                       : 1
 4-bit register                                        : 2
 7-bit register                                        : 1

=========================================================================

=========================================================================
*                       Advanced HDL Synthesis                          *
=========================================================================


Synthesizing (advanced) Unit <SevenSegment>.
INFO:Xst:3034 - In order to maximize performance and save block RAM resources, the small ROM <Mrom_Segments_mux0001> will be implemented on LUT. If you want to force its implementation on block, use option/constraint rom_style.
Unit <SevenSegment> synthesized (advanced).

=========================================================================
Advanced HDL Synthesis Report

Macro Statistics
# ROMs                                                 : 1
 16x7-bit ROM                                          : 1
# Adders/Subtractors                                   : 2
 32-bit adder                                          : 2
# Counters                                             : 1
 32-bit up counter                                     : 1
# Registers                                            : 47
 Flip-Flops                                            : 47

=========================================================================

=========================================================================
*                         Low Level Synthesis                           *
=========================================================================

Optimizing unit <SevenSegment> ...

Mapping all equations...
Building and optimizing final netlist ...
Found area constraint ratio of 100 (+ 5) on block SevenSegment, actual ratio is 4.

Final Macro Processing ...

=========================================================================
Final Register Report

Macro Statistics
# Registers                                            : 79
 Flip-Flops                                            : 79

=========================================================================

=========================================================================
*                           Partition Report                            *
=========================================================================

Partition Implementation Status
-------------------------------

  No Partitions were found in this design.

-------------------------------

=========================================================================
*                            Final Report                               *
=========================================================================
Final Results
RTL Top Level Output File Name     : SevenSegment.ngr
Top Level Output File Name         : SevenSegment
Output Format                      : NGC
Optimization Goal                  : Speed
Keep Hierarchy                     : No

Design Statistics
# IOs                              : 28

Cell Usage :
# BELS                             : 361
#      GND                         : 1
#      INV                         : 4
#      LUT1                        : 92
#      LUT3                        : 10
#      LUT3_D                      : 1
#      LUT4                        : 36
#      LUT4_D                      : 2
#      LUT4_L                      : 7
#      MUXCY                       : 107
#      MUXF5                       : 4
#      VCC                         : 1
#      XORCY                       : 96
# FlipFlops/Latches                : 79
#      FDE                         : 47
#      FDR                         : 32
# Clock Buffers                    : 1
#      BUFGP                       : 1
# IO Buffers                       : 27
#      IBUF                        : 16
#      OBUF                        : 11
=========================================================================

Device utilization summary:
---------------------------

Selected Device : 3s200tq144-4 

 Number of Slices:                      102  out of   1920     5%  
 Number of Slice Flip Flops:             79  out of   3840     2%  
 Number of 4 input LUTs:                152  out of   3840     3%  
 Number of IOs:                          28
 Number of bonded IOBs:                  28  out of     97    28%  
 Number of GCLKs:                         1  out of      8    12%  

---------------------------
Partition Resource Summary:
---------------------------

  No Partitions were found in this design.

---------------------------


=========================================================================
TIMING REPORT

NOTE: THESE TIMING NUMBERS ARE ONLY A SYNTHESIS ESTIMATE.
      FOR ACCURATE TIMING INFORMATION PLEASE REFER TO THE TRACE REPORT
      GENERATED AFTER PLACE-and-ROUTE.

Clock Information:
------------------
-----------------------------------+------------------------+-------+
Clock Signal                       | Clock buffer(FF name)  | Load  |
-----------------------------------+------------------------+-------+
Clock                              | BUFGP                  | 79    |
-----------------------------------+------------------------+-------+

Asynchronous Control Signals Information:
----------------------------------------
No asynchronous control signals found in this design

Timing Summary:
---------------
Speed Grade: -4

   Minimum period: 12.232ns (Maximum Frequency: 81.752MHz)
   Minimum input arrival time before clock: 5.623ns
   Maximum output required time after clock: 7.165ns
   Maximum combinational path delay: No path found

Timing Detail:
--------------
All values displayed in nanoseconds (ns)

=========================================================================
Timing constraint: Default period analysis for Clock 'Clock'
  Clock period: 12.232ns (frequency: 81.752MHz)
  Total number of paths / destination ports: 51373 / 158
-------------------------------------------------------------------------
Delay:               12.232ns (Levels of Logic = 30)
  Source:            CountSegment_1 (FF)
  Destination:       CountSegment_0 (FF)
  Source Clock:      Clock rising
  Destination Clock: Clock rising

  Data Path: CountSegment_1 to CountSegment_0
                                Gate     Net
    Cell:in->out      fanout   Delay   Delay  Logical Name (Net Name)
    ----------------------------------------  ------------
     FDR:C->Q              2   0.720   1.216  CountSegment_1 (CountSegment_1)
     LUT1:I0->O            1   0.551   0.000  Madd_CountSegment_addsub0000_cy<1>_rt (Madd_CountSegment_addsub0000_cy<1>_rt)
     MUXCY:S->O            1   0.500   0.000  Madd_CountSegment_addsub0000_cy<1> (Madd_CountSegment_addsub0000_cy<1>)
     MUXCY:CI->O           1   0.064   0.000  Madd_CountSegment_addsub0000_cy<2> (Madd_CountSegment_addsub0000_cy<2>)
     MUXCY:CI->O           1   0.064   0.000  Madd_CountSegment_addsub0000_cy<3> (Madd_CountSegment_addsub0000_cy<3>)
     MUXCY:CI->O           1   0.064   0.000  Madd_CountSegment_addsub0000_cy<4> (Madd_CountSegment_addsub0000_cy<4>)
     MUXCY:CI->O           1   0.064   0.000  Madd_CountSegment_addsub0000_cy<5> (Madd_CountSegment_addsub0000_cy<5>)
     MUXCY:CI->O           1   0.064   0.000  Madd_CountSegment_addsub0000_cy<6> (Madd_CountSegment_addsub0000_cy<6>)
     MUXCY:CI->O           1   0.064   0.000  Madd_CountSegment_addsub0000_cy<7> (Madd_CountSegment_addsub0000_cy<7>)
     MUXCY:CI->O           1   0.064   0.000  Madd_CountSegment_addsub0000_cy<8> (Madd_CountSegment_addsub0000_cy<8>)
     MUXCY:CI->O           1   0.064   0.000  Madd_CountSegment_addsub0000_cy<9> (Madd_CountSegment_addsub0000_cy<9>)
     MUXCY:CI->O           1   0.064   0.000  Madd_CountSegment_addsub0000_cy<10> (Madd_CountSegment_addsub0000_cy<10>)
     MUXCY:CI->O           1   0.064   0.000  Madd_CountSegment_addsub0000_cy<11> (Madd_CountSegment_addsub0000_cy<11>)
     MUXCY:CI->O           1   0.064   0.000  Madd_CountSegment_addsub0000_cy<12> (Madd_CountSegment_addsub0000_cy<12>)
     MUXCY:CI->O           1   0.064   0.000  Madd_CountSegment_addsub0000_cy<13> (Madd_CountSegment_addsub0000_cy<13>)
     MUXCY:CI->O           1   0.064   0.000  Madd_CountSegment_addsub0000_cy<14> (Madd_CountSegment_addsub0000_cy<14>)
     MUXCY:CI->O           1   0.064   0.000  Madd_CountSegment_addsub0000_cy<15> (Madd_CountSegment_addsub0000_cy<15>)
     MUXCY:CI->O           1   0.064   0.000  Madd_CountSegment_addsub0000_cy<16> (Madd_CountSegment_addsub0000_cy<16>)
     MUXCY:CI->O           1   0.064   0.000  Madd_CountSegment_addsub0000_cy<17> (Madd_CountSegment_addsub0000_cy<17>)
     MUXCY:CI->O           1   0.064   0.000  Madd_CountSegment_addsub0000_cy<18> (Madd_CountSegment_addsub0000_cy<18>)
     MUXCY:CI->O           1   0.064   0.000  Madd_CountSegment_addsub0000_cy<19> (Madd_CountSegment_addsub0000_cy<19>)
     MUXCY:CI->O           1   0.064   0.000  Madd_CountSegment_addsub0000_cy<20> (Madd_CountSegment_addsub0000_cy<20>)
     XORCY:CI->O           1   0.904   1.140  Madd_CountSegment_addsub0000_xor<21> (CountSegment_addsub0000<21>)
     LUT4:I0->O            1   0.551   0.000  CountSegment_cmp_eq0000_wg_lut<0> (CountSegment_cmp_eq0000_wg_lut<0>)
     MUXCY:S->O            1   0.500   0.000  CountSegment_cmp_eq0000_wg_cy<0> (CountSegment_cmp_eq0000_wg_cy<0>)
     MUXCY:CI->O           1   0.064   0.000  CountSegment_cmp_eq0000_wg_cy<1> (CountSegment_cmp_eq0000_wg_cy<1>)
     MUXCY:CI->O           1   0.064   0.000  CountSegment_cmp_eq0000_wg_cy<2> (CountSegment_cmp_eq0000_wg_cy<2>)
     MUXCY:CI->O           1   0.064   0.000  CountSegment_cmp_eq0000_wg_cy<3> (CountSegment_cmp_eq0000_wg_cy<3>)
     MUXCY:CI->O           1   0.064   0.000  CountSegment_cmp_eq0000_wg_cy<4> (CountSegment_cmp_eq0000_wg_cy<4>)
     MUXCY:CI->O           2   0.303   0.945  CountSegment_cmp_eq0000_wg_cy<5> (CountSegment_cmp_eq0000_wg_cy<5>)
     LUT3:I2->O           32   0.551   1.853  CountSegment_cmp_eq0000_wg_cy<7>1 (CountSegment_cmp_eq0000)
     FDR:R                     1.026          CountSegment_0
    ----------------------------------------
    Total                     12.232ns (7.078ns logic, 5.154ns route)
                                       (57.9% logic, 42.1% route)

=========================================================================
Timing constraint: Default OFFSET IN BEFORE for Clock 'Clock'
  Total number of paths / destination ports: 128 / 11
-------------------------------------------------------------------------
Offset:              5.623ns (Levels of Logic = 5)
  Source:            Data<15> (PAD)
  Destination:       Segments_0 (FF)
  Destination Clock: Clock rising

  Data Path: Data<15> to Segments_0
                                Gate     Net
    Cell:in->out      fanout   Delay   Delay  Logical Name (Net Name)
    ----------------------------------------  ------------
     IBUF:I->O             1   0.821   0.996  Data_15_IBUF (Data_15_IBUF)
     LUT3:I1->O            1   0.551   0.000  CurrentData_mux0000<3>38_F (N55)
     MUXF5:I0->O           8   0.360   1.422  CurrentData_mux0000<3>38 (CurrentData_mux0000<3>38)
     LUT4_L:I0->LO         1   0.551   0.168  Mrom_Segments_mux000141_SW1 (N11)
     LUT4:I2->O            1   0.551   0.000  Mrom_Segments_mux000141 (Mrom_Segments_mux00014)
     FDE:D                     0.203          Segments_4
    ----------------------------------------
    Total                      5.623ns (3.037ns logic, 2.586ns route)
                                       (54.0% logic, 46.0% route)

=========================================================================
Timing constraint: Default OFFSET OUT AFTER for Clock 'Clock'
  Total number of paths / destination ports: 11 / 11
-------------------------------------------------------------------------
Offset:              7.165ns (Levels of Logic = 1)
  Source:            Segments_6 (FF)
  Destination:       Segments<6> (PAD)
  Source Clock:      Clock rising

  Data Path: Segments_6 to Segments<6>
                                Gate     Net
    Cell:in->out      fanout   Delay   Delay  Logical Name (Net Name)
    ----------------------------------------  ------------
     FDE:C->Q              1   0.720   0.801  Segments_6 (Segments_6)
     OBUF:I->O                 5.644          Segments_6_OBUF (Segments<6>)
    ----------------------------------------
    Total                      7.165ns (6.364ns logic, 0.801ns route)
                                       (88.8% logic, 11.2% route)

=========================================================================


Total REAL time to Xst completion: 14.00 secs
Total CPU time to Xst completion: 13.71 secs
 
--> 

Total memory usage is 305800 kilobytes

Number of errors   :    0 (   0 filtered)
Number of warnings :    0 (   0 filtered)
Number of infos    :    1 (   0 filtered)

