Release 14.7 - xst P.20131013 (nt64)
Copyright (c) 1995-2013 Xilinx, Inc.  All rights reserved.
--> Parameter TMPDIR set to xst/projnav.tmp


Total REAL time to Xst completion: 0.00 secs
Total CPU time to Xst completion: 0.13 secs
 
--> Parameter xsthdpdir set to xst


Total REAL time to Xst completion: 0.00 secs
Total CPU time to Xst completion: 0.13 secs
 
--> Reading design: CD.prj

TABLE OF CONTENTS
  1) Synthesis Options Summary
  2) HDL Compilation
  3) Design Hierarchy Analysis
  4) HDL Analysis
  5) HDL Synthesis
     5.1) HDL Synthesis Report
  6) Advanced HDL Synthesis
     6.1) Advanced HDL Synthesis Report
  7) Low Level Synthesis
  8) Partition Report
  9) Final Report
	9.1) Device utilization summary
	9.2) Partition Resource Summary
	9.3) TIMING REPORT


=========================================================================
*                      Synthesis Options Summary                        *
=========================================================================
---- Source Parameters
Input File Name                    : "CD.prj"
Input Format                       : mixed
Ignore Synthesis Constraint File   : NO

---- Target Parameters
Output File Name                   : "CD"
Output Format                      : NGC
Target Device                      : xc3s200-4-tq144

---- Source Options
Top Module Name                    : CD
Automatic FSM Extraction           : YES
FSM Encoding Algorithm             : Auto
Safe Implementation                : No
FSM Style                          : LUT
RAM Extraction                     : Yes
RAM Style                          : Auto
ROM Extraction                     : Yes
Mux Style                          : Auto
Decoder Extraction                 : YES
Priority Encoder Extraction        : Yes
Shift Register Extraction          : YES
Logical Shifter Extraction         : YES
XOR Collapsing                     : YES
ROM Style                          : Auto
Mux Extraction                     : Yes
Resource Sharing                   : YES
Asynchronous To Synchronous        : NO
Multiplier Style                   : Auto
Automatic Register Balancing       : No

---- Target Options
Add IO Buffers                     : YES
Global Maximum Fanout              : 500
Add Generic Clock Buffer(BUFG)     : 8
Register Duplication               : YES
Slice Packing                      : YES
Optimize Instantiated Primitives   : NO
Use Clock Enable                   : Yes
Use Synchronous Set                : Yes
Use Synchronous Reset              : Yes
Pack IO Registers into IOBs        : Auto
Equivalent register Removal        : YES

---- General Options
Optimization Goal                  : Speed
Optimization Effort                : 1
Keep Hierarchy                     : No
Netlist Hierarchy                  : As_Optimized
RTL Output                         : Yes
Global Optimization                : AllClockNets
Read Cores                         : YES
Write Timing Constraints           : NO
Cross Clock Analysis               : NO
Hierarchy Separator                : /
Bus Delimiter                      : <>
Case Specifier                     : Maintain
Slice Utilization Ratio            : 100
BRAM Utilization Ratio             : 100
Verilog 2001                       : YES
Auto BRAM Packing                  : NO
Slice Utilization Ratio Delta      : 5

=========================================================================


=========================================================================
*                          HDL Compilation                              *
=========================================================================
Compiling vhdl file "C:/Users/noraw/Documents/VHDL/ClockDivider/CD.vhd" in Library work.
Entity <cd> compiled.
Entity <CD> (Architecture <Behavioral>) compiled.

=========================================================================
*                     Design Hierarchy Analysis                         *
=========================================================================
Analyzing hierarchy for entity <CD> in library <work> (architecture <Behavioral>).


=========================================================================
*                            HDL Analysis                               *
=========================================================================
Analyzing Entity <CD> in library <work> (Architecture <Behavioral>).
Entity <CD> analyzed. Unit <CD> generated.


=========================================================================
*                           HDL Synthesis                               *
=========================================================================

Performing bidirectional port resolution...

Synthesizing Unit <CD>.
    Related source file is "C:/Users/noraw/Documents/VHDL/ClockDivider/CD.vhd".
    Found 1-bit register for signal <state>.
    Found 14-bit adder for signal <state$addsub0000> created at line 47.
    Found 14-bit up counter for signal <var_s1>.
    Summary:
	inferred   1 Counter(s).
	inferred   1 D-type flip-flop(s).
	inferred   1 Adder/Subtractor(s).
Unit <CD> synthesized.


=========================================================================
HDL Synthesis Report

Macro Statistics
# Adders/Subtractors                                   : 1
 14-bit adder                                          : 1
# Counters                                             : 1
 14-bit up counter                                     : 1
# Registers                                            : 1
 1-bit register                                        : 1

=========================================================================

=========================================================================
*                       Advanced HDL Synthesis                          *
=========================================================================


=========================================================================
Advanced HDL Synthesis Report

Macro Statistics
# Adders/Subtractors                                   : 1
 14-bit adder                                          : 1
# Counters                                             : 1
 14-bit up counter                                     : 1
# Registers                                            : 1
 Flip-Flops                                            : 1

=========================================================================

=========================================================================
*                         Low Level Synthesis                           *
=========================================================================

Optimizing unit <CD> ...

Mapping all equations...
Building and optimizing final netlist ...
Found area constraint ratio of 100 (+ 5) on block CD, actual ratio is 1.

Final Macro Processing ...

=========================================================================
Final Register Report

Macro Statistics
# Registers                                            : 15
 Flip-Flops                                            : 15

=========================================================================

=========================================================================
*                           Partition Report                            *
=========================================================================

Partition Implementation Status
-------------------------------

  No Partitions were found in this design.

-------------------------------

=========================================================================
*                            Final Report                               *
=========================================================================
Final Results
RTL Top Level Output File Name     : CD.ngr
Top Level Output File Name         : CD
Output Format                      : NGC
Optimization Goal                  : Speed
Keep Hierarchy                     : No

Design Statistics
# IOs                              : 2

Cell Usage :
# BELS                             : 91
#      GND                         : 1
#      INV                         : 3
#      LUT1                        : 26
#      LUT2                        : 1
#      LUT3                        : 1
#      LUT3_L                      : 2
#      LUT4                        : 2
#      MUXCY                       : 26
#      VCC                         : 1
#      XORCY                       : 28
# FlipFlops/Latches                : 15
#      FD                          : 14
#      FDE                         : 1
# Clock Buffers                    : 1
#      BUFGP                       : 1
# IO Buffers                       : 1
#      OBUF                        : 1
=========================================================================

Device utilization summary:
---------------------------

Selected Device : 3s200tq144-4 

 Number of Slices:                       20  out of   1920     1%  
 Number of Slice Flip Flops:             15  out of   3840     0%  
 Number of 4 input LUTs:                 35  out of   3840     0%  
 Number of IOs:                           2
 Number of bonded IOBs:                   2  out of     97     2%  
 Number of GCLKs:                         1  out of      8    12%  

---------------------------
Partition Resource Summary:
---------------------------

  No Partitions were found in this design.

---------------------------


=========================================================================
TIMING REPORT

NOTE: THESE TIMING NUMBERS ARE ONLY A SYNTHESIS ESTIMATE.
      FOR ACCURATE TIMING INFORMATION PLEASE REFER TO THE TRACE REPORT
      GENERATED AFTER PLACE-and-ROUTE.

Clock Information:
------------------
-----------------------------------+------------------------+-------+
Clock Signal                       | Clock buffer(FF name)  | Load  |
-----------------------------------+------------------------+-------+
clk                                | BUFGP                  | 15    |
-----------------------------------+------------------------+-------+

Asynchronous Control Signals Information:
----------------------------------------
No asynchronous control signals found in this design

Timing Summary:
---------------
Speed Grade: -4

   Minimum period: 8.838ns (Maximum Frequency: 113.148MHz)
   Minimum input arrival time before clock: No path found
   Maximum output required time after clock: 7.241ns
   Maximum combinational path delay: No path found

Timing Detail:
--------------
All values displayed in nanoseconds (ns)

=========================================================================
Timing constraint: Default period analysis for Clock 'clk'
  Clock period: 8.838ns (frequency: 113.148MHz)
  Total number of paths / destination ports: 211 / 16
-------------------------------------------------------------------------
Delay:               8.838ns (Levels of Logic = 16)
  Source:            var_s1_1 (FF)
  Destination:       state (FF)
  Source Clock:      clk rising
  Destination Clock: clk rising

  Data Path: var_s1_1 to state
                                Gate     Net
    Cell:in->out      fanout   Delay   Delay  Logical Name (Net Name)
    ----------------------------------------  ------------
     FD:C->Q               2   0.720   1.216  var_s1_1 (var_s1_1)
     LUT1:I0->O            1   0.551   0.000  Madd_state_addsub0000_cy<1>_rt (Madd_state_addsub0000_cy<1>_rt)
     MUXCY:S->O            1   0.500   0.000  Madd_state_addsub0000_cy<1> (Madd_state_addsub0000_cy<1>)
     MUXCY:CI->O           1   0.064   0.000  Madd_state_addsub0000_cy<2> (Madd_state_addsub0000_cy<2>)
     MUXCY:CI->O           1   0.064   0.000  Madd_state_addsub0000_cy<3> (Madd_state_addsub0000_cy<3>)
     MUXCY:CI->O           1   0.064   0.000  Madd_state_addsub0000_cy<4> (Madd_state_addsub0000_cy<4>)
     MUXCY:CI->O           1   0.064   0.000  Madd_state_addsub0000_cy<5> (Madd_state_addsub0000_cy<5>)
     MUXCY:CI->O           1   0.064   0.000  Madd_state_addsub0000_cy<6> (Madd_state_addsub0000_cy<6>)
     MUXCY:CI->O           1   0.064   0.000  Madd_state_addsub0000_cy<7> (Madd_state_addsub0000_cy<7>)
     MUXCY:CI->O           1   0.064   0.000  Madd_state_addsub0000_cy<8> (Madd_state_addsub0000_cy<8>)
     MUXCY:CI->O           1   0.064   0.000  Madd_state_addsub0000_cy<9> (Madd_state_addsub0000_cy<9>)
     MUXCY:CI->O           1   0.064   0.000  Madd_state_addsub0000_cy<10> (Madd_state_addsub0000_cy<10>)
     MUXCY:CI->O           1   0.064   0.000  Madd_state_addsub0000_cy<11> (Madd_state_addsub0000_cy<11>)
     MUXCY:CI->O           0   0.064   0.000  Madd_state_addsub0000_cy<12> (Madd_state_addsub0000_cy<12>)
     XORCY:CI->O           1   0.904   0.869  Madd_state_addsub0000_xor<13> (state_addsub0000<13>)
     LUT3:I2->O            1   0.551   0.869  state_cmp_eq00006 (state_cmp_eq00006)
     LUT4:I2->O            1   0.551   0.801  state_cmp_eq000058 (state_cmp_eq0000)
     FDE:CE                    0.602          state
    ----------------------------------------
    Total                      8.838ns (5.083ns logic, 3.755ns route)
                                       (57.5% logic, 42.5% route)

=========================================================================
Timing constraint: Default OFFSET OUT AFTER for Clock 'clk'
  Total number of paths / destination ports: 1 / 1
-------------------------------------------------------------------------
Offset:              7.241ns (Levels of Logic = 1)
  Source:            state (FF)
  Destination:       outa (PAD)
  Source Clock:      clk rising

  Data Path: state to outa
                                Gate     Net
    Cell:in->out      fanout   Delay   Delay  Logical Name (Net Name)
    ----------------------------------------  ------------
     FDE:C->Q              2   0.720   0.877  state (state)
     OBUF:I->O                 5.644          outa_OBUF (outa)
    ----------------------------------------
    Total                      7.241ns (6.364ns logic, 0.877ns route)
                                       (87.9% logic, 12.1% route)

=========================================================================


Total REAL time to Xst completion: 6.00 secs
Total CPU time to Xst completion: 6.62 secs
 
--> 

Total memory usage is 289632 kilobytes

Number of errors   :    0 (   0 filtered)
Number of warnings :    0 (   0 filtered)
Number of infos    :    0 (   0 filtered)

