Release 14.7 - xst P.20131013 (nt64)
Copyright (c) 1995-2013 Xilinx, Inc.  All rights reserved.
--> Parameter TMPDIR set to xst/projnav.tmp


Total REAL time to Xst completion: 0.00 secs
Total CPU time to Xst completion: 0.48 secs
 
--> Parameter xsthdpdir set to xst


Total REAL time to Xst completion: 0.00 secs
Total CPU time to Xst completion: 0.48 secs
 
--> Reading design: buzz.prj

TABLE OF CONTENTS
  1) Synthesis Options Summary
  2) HDL Compilation
  3) Design Hierarchy Analysis
  4) HDL Analysis
  5) HDL Synthesis
     5.1) HDL Synthesis Report
  6) Advanced HDL Synthesis
     6.1) Advanced HDL Synthesis Report
  7) Low Level Synthesis
  8) Partition Report
  9) Final Report
	9.1) Device utilization summary
	9.2) Partition Resource Summary
	9.3) TIMING REPORT


=========================================================================
*                      Synthesis Options Summary                        *
=========================================================================
---- Source Parameters
Input File Name                    : "buzz.prj"
Input Format                       : mixed
Ignore Synthesis Constraint File   : NO

---- Target Parameters
Output File Name                   : "buzz"
Output Format                      : NGC
Target Device                      : xc3s400-4-tq144

---- Source Options
Top Module Name                    : buzz
Automatic FSM Extraction           : YES
FSM Encoding Algorithm             : Auto
Safe Implementation                : No
FSM Style                          : LUT
RAM Extraction                     : Yes
RAM Style                          : Auto
ROM Extraction                     : Yes
Mux Style                          : Auto
Decoder Extraction                 : YES
Priority Encoder Extraction        : Yes
Shift Register Extraction          : YES
Logical Shifter Extraction         : YES
XOR Collapsing                     : YES
ROM Style                          : Auto
Mux Extraction                     : Yes
Resource Sharing                   : YES
Asynchronous To Synchronous        : NO
Multiplier Style                   : Auto
Automatic Register Balancing       : No

---- Target Options
Add IO Buffers                     : YES
Global Maximum Fanout              : 500
Add Generic Clock Buffer(BUFG)     : 8
Register Duplication               : YES
Slice Packing                      : YES
Optimize Instantiated Primitives   : NO
Use Clock Enable                   : Yes
Use Synchronous Set                : Yes
Use Synchronous Reset              : Yes
Pack IO Registers into IOBs        : Auto
Equivalent register Removal        : YES

---- General Options
Optimization Goal                  : Speed
Optimization Effort                : 1
Keep Hierarchy                     : No
Netlist Hierarchy                  : As_Optimized
RTL Output                         : Yes
Global Optimization                : AllClockNets
Read Cores                         : YES
Write Timing Constraints           : NO
Cross Clock Analysis               : NO
Hierarchy Separator                : /
Bus Delimiter                      : <>
Case Specifier                     : Maintain
Slice Utilization Ratio            : 100
BRAM Utilization Ratio             : 100
Verilog 2001                       : YES
Auto BRAM Packing                  : NO
Slice Utilization Ratio Delta      : 5

=========================================================================


=========================================================================
*                          HDL Compilation                              *
=========================================================================
Compiling vhdl file "C:/Users/noraw/Documents/VHDL/Melody/buzz.vhd" in Library work.
Architecture behavioral of Entity buzz is up to date.

=========================================================================
*                     Design Hierarchy Analysis                         *
=========================================================================
Analyzing hierarchy for entity <buzz> in library <work> (architecture <behavioral>).


=========================================================================
*                            HDL Analysis                               *
=========================================================================
Analyzing Entity <buzz> in library <work> (Architecture <behavioral>).
Entity <buzz> analyzed. Unit <buzz> generated.


=========================================================================
*                           HDL Synthesis                               *
=========================================================================

Performing bidirectional port resolution...

Synthesizing Unit <buzz>.
    Related source file is "C:/Users/noraw/Documents/VHDL/Melody/buzz.vhd".
    Found 1-bit register for signal <a>.
    Found 32-bit comparator lessequal for signal <a$cmp_le0000> created at line 23.
    Found 32-bit comparator less for signal <a$cmp_lt0000> created at line 25.
    Found 32-bit register for signal <i>.
    Found 32-bit 4-to-1 multiplexer for signal <i$mux0000>.
    Found 32-bit adder for signal <i$share0000>.
    Summary:
	inferred  33 D-type flip-flop(s).
	inferred   1 Adder/Subtractor(s).
	inferred   2 Comparator(s).
	inferred  32 Multiplexer(s).
Unit <buzz> synthesized.

INFO:Xst:1767 - HDL ADVISOR - Resource sharing has identified that some arithmetic operations in this design can share the same physical resources for reduced device utilization. For improved clock frequency you may try to disable resource sharing.

=========================================================================
HDL Synthesis Report

Macro Statistics
# Adders/Subtractors                                   : 1
 32-bit adder                                          : 1
# Registers                                            : 2
 1-bit register                                        : 1
 32-bit register                                       : 1
# Comparators                                          : 2
 32-bit comparator less                                : 1
 32-bit comparator lessequal                           : 1
# Multiplexers                                         : 1
 32-bit 4-to-1 multiplexer                             : 1

=========================================================================

=========================================================================
*                       Advanced HDL Synthesis                          *
=========================================================================


=========================================================================
Advanced HDL Synthesis Report

Macro Statistics
# Adders/Subtractors                                   : 1
 32-bit adder                                          : 1
# Registers                                            : 33
 Flip-Flops                                            : 33
# Comparators                                          : 2
 32-bit comparator less                                : 1
 32-bit comparator lessequal                           : 1
# Multiplexers                                         : 1
 32-bit 4-to-1 multiplexer                             : 1

=========================================================================

=========================================================================
*                         Low Level Synthesis                           *
=========================================================================

Optimizing unit <buzz> ...

Mapping all equations...
Building and optimizing final netlist ...
Found area constraint ratio of 100 (+ 5) on block buzz, actual ratio is 1.

Final Macro Processing ...

=========================================================================
Final Register Report

Macro Statistics
# Registers                                            : 33
 Flip-Flops                                            : 33

=========================================================================

=========================================================================
*                           Partition Report                            *
=========================================================================

Partition Implementation Status
-------------------------------

  No Partitions were found in this design.

-------------------------------

=========================================================================
*                            Final Report                               *
=========================================================================
Final Results
RTL Top Level Output File Name     : buzz.ngr
Top Level Output File Name         : buzz
Output Format                      : NGC
Optimization Goal                  : Speed
Keep Hierarchy                     : No

Design Statistics
# IOs                              : 2

Cell Usage :
# BELS                             : 193
#      GND                         : 1
#      INV                         : 11
#      LUT1                        : 39
#      LUT3                        : 33
#      LUT4                        : 16
#      LUT4_L                      : 2
#      MUXCY                       : 58
#      VCC                         : 1
#      XORCY                       : 32
# FlipFlops/Latches                : 33
#      FDE                         : 32
#      FDSE                        : 1
# Clock Buffers                    : 1
#      BUFGP                       : 1
# IO Buffers                       : 1
#      OBUF                        : 1
=========================================================================

Device utilization summary:
---------------------------

Selected Device : 3s400tq144-4 

 Number of Slices:                       54  out of   3584     1%  
 Number of Slice Flip Flops:             33  out of   7168     0%  
 Number of 4 input LUTs:                101  out of   7168     1%  
 Number of IOs:                           2
 Number of bonded IOBs:                   2  out of     97     2%  
 Number of GCLKs:                         1  out of      8    12%  

---------------------------
Partition Resource Summary:
---------------------------

  No Partitions were found in this design.

---------------------------


=========================================================================
TIMING REPORT

NOTE: THESE TIMING NUMBERS ARE ONLY A SYNTHESIS ESTIMATE.
      FOR ACCURATE TIMING INFORMATION PLEASE REFER TO THE TRACE REPORT
      GENERATED AFTER PLACE-and-ROUTE.

Clock Information:
------------------
-----------------------------------+------------------------+-------+
Clock Signal                       | Clock buffer(FF name)  | Load  |
-----------------------------------+------------------------+-------+
clock                              | BUFGP                  | 33    |
-----------------------------------+------------------------+-------+

Asynchronous Control Signals Information:
----------------------------------------
No asynchronous control signals found in this design

Timing Summary:
---------------
Speed Grade: -4

   Minimum period: 8.997ns (Maximum Frequency: 111.152MHz)
   Minimum input arrival time before clock: No path found
   Maximum output required time after clock: 7.165ns
   Maximum combinational path delay: No path found

Timing Detail:
--------------
All values displayed in nanoseconds (ns)

=========================================================================
Timing constraint: Default period analysis for Clock 'clock'
  Clock period: 8.997ns (frequency: 111.152MHz)
  Total number of paths / destination ports: 5257 / 66
-------------------------------------------------------------------------
Delay:               8.997ns (Levels of Logic = 17)
  Source:            i_0 (FF)
  Destination:       i_0 (FF)
  Source Clock:      clock rising
  Destination Clock: clock rising

  Data Path: i_0 to i_0
                                Gate     Net
    Cell:in->out      fanout   Delay   Delay  Logical Name (Net Name)
    ----------------------------------------  ------------
     FDE:C->Q              2   0.720   1.216  i_0 (i_0)
     LUT4:I0->O            2   0.551   0.000  Mcompar_a_cmp_le0000_lut<0> (Mcompar_a_cmp_le0000_lut<0>)
     MUXCY:S->O            1   0.500   0.000  Mcompar_a_cmp_le0000_cy<0> (Mcompar_a_cmp_le0000_cy<0>)
     MUXCY:CI->O           1   0.064   0.000  Mcompar_a_cmp_le0000_cy<1> (Mcompar_a_cmp_le0000_cy<1>)
     MUXCY:CI->O           1   0.064   0.000  Mcompar_a_cmp_le0000_cy<2> (Mcompar_a_cmp_le0000_cy<2>)
     MUXCY:CI->O           1   0.064   0.000  Mcompar_a_cmp_le0000_cy<3> (Mcompar_a_cmp_le0000_cy<3>)
     MUXCY:CI->O           1   0.064   0.000  Mcompar_a_cmp_le0000_cy<4> (Mcompar_a_cmp_le0000_cy<4>)
     MUXCY:CI->O           1   0.064   0.000  Mcompar_a_cmp_le0000_cy<5> (Mcompar_a_cmp_le0000_cy<5>)
     MUXCY:CI->O           1   0.064   0.000  Mcompar_a_cmp_le0000_cy<6> (Mcompar_a_cmp_le0000_cy<6>)
     MUXCY:CI->O           1   0.064   0.000  Mcompar_a_cmp_le0000_cy<7> (Mcompar_a_cmp_le0000_cy<7>)
     MUXCY:CI->O           1   0.064   0.000  Mcompar_a_cmp_le0000_cy<8> (Mcompar_a_cmp_le0000_cy<8>)
     MUXCY:CI->O           1   0.064   0.000  Mcompar_a_cmp_le0000_cy<9> (Mcompar_a_cmp_le0000_cy<9>)
     MUXCY:CI->O           1   0.064   0.000  Mcompar_a_cmp_le0000_cy<10> (Mcompar_a_cmp_le0000_cy<10>)
     MUXCY:CI->O           1   0.064   0.000  Mcompar_a_cmp_le0000_cy<11> (Mcompar_a_cmp_le0000_cy<11>)
     MUXCY:CI->O           1   0.064   0.000  Mcompar_a_cmp_le0000_cy<12> (Mcompar_a_cmp_le0000_cy<12>)
     MUXCY:CI->O           1   0.064   0.000  Mcompar_a_cmp_le0000_cy<13> (Mcompar_a_cmp_le0000_cy<13>)
     MUXCY:CI->O          34   0.281   1.891  Mcompar_a_cmp_le0000_cy<14> (a_cmp_le0000)
     LUT4:I3->O           32   0.551   1.853  i_not0002178 (i_not0002)
     FDE:CE                    0.602          i_0
    ----------------------------------------
    Total                      8.997ns (4.037ns logic, 4.960ns route)
                                       (44.9% logic, 55.1% route)

=========================================================================
Timing constraint: Default OFFSET OUT AFTER for Clock 'clock'
  Total number of paths / destination ports: 1 / 1
-------------------------------------------------------------------------
Offset:              7.165ns (Levels of Logic = 1)
  Source:            a (FF)
  Destination:       a (PAD)
  Source Clock:      clock rising

  Data Path: a to a
                                Gate     Net
    Cell:in->out      fanout   Delay   Delay  Logical Name (Net Name)
    ----------------------------------------  ------------
     FDSE:C->Q             1   0.720   0.801  a (a_OBUF)
     OBUF:I->O                 5.644          a_OBUF (a)
    ----------------------------------------
    Total                      7.165ns (6.364ns logic, 0.801ns route)
                                       (88.8% logic, 11.2% route)

=========================================================================


Total REAL time to Xst completion: 7.00 secs
Total CPU time to Xst completion: 7.15 secs
 
--> 

Total memory usage is 305800 kilobytes

Number of errors   :    0 (   0 filtered)
Number of warnings :    0 (   0 filtered)
Number of infos    :    1 (   0 filtered)

