Command line:
   scroll_isim_beh.exe
     -simmode  gui
     -simrunnum  0
     -socket  57554

Mon Nov 21 21:47:54 2016


 Elaboration Time: 0.0624 sec

 Current Memory Usage: 667.046 Meg

 Total Signals          : 22
 Total Nets             : 92
 Total Signal Drivers   : 9
 Total Blocks           : 6
 Total Primitive Blocks : 5
 Total Processes        : 9
 Total Traceable Variables  : 11
 Total Scalar Nets and Variables : 522
Total Line Count : 31

 Total Simulation Time: 0.0624 sec

 Current Memory Usage: 667.046 Meg

Mon Nov 21 21:48:13 2016

