Running: fuse.exe -relaunch -intstyle "ise" -incremental -o "E:/MiniDesignChallenge/RXModuleTest_isim_beh.exe" -prj "E:/MiniDesignChallenge/RXModuleTest_beh.prj" "work.RXModuleTest" 
ISim P.20131013 (signature 0x7708f090)
Number of CPUs detected in this system: 8
Turning on mult-threading, number of parallel sub-compilation jobs: 16 
Determining compilation order of HDL files
Parsing VHDL file "E:/MiniDesignChallenge/TXModule.vhd" into library work
Parsing VHDL file "E:/MiniDesignChallenge/RXModule.vhd" into library work
Parsing VHDL file "E:/MiniDesignChallenge/RXModuleTest.vhd" into library work
Starting static elaboration
Completed static elaboration
Compiling package standard
Compiling package std_logic_1164
Compiling package std_logic_arith
Compiling package std_logic_unsigned
Compiling package numeric_std
Compiling architecture behavioral of entity RXModule [rxmodule_default]
Compiling architecture behavioral of entity TXModule [txmodule_default]
Compiling architecture behavior of entity rxmoduletest
Time Resolution for simulation is 1ps.
Compiled 10 VHDL Units
Built simulation executable E:/MiniDesignChallenge/RXModuleTest_isim_beh.exe
Fuse Memory Usage: 36920 KB
Fuse CPU Usage: 1577 ms
