Release 14.7 - xst P.20131013 (nt64)
Copyright (c) 1995-2013 Xilinx, Inc.  All rights reserved.
--> Parameter TMPDIR set to xst/projnav.tmp


Total REAL time to Xst completion: 0.00 secs
Total CPU time to Xst completion: 0.31 secs
 
--> Parameter xsthdpdir set to xst


Total REAL time to Xst completion: 0.00 secs
Total CPU time to Xst completion: 0.31 secs
 
--> Reading design: RXModule.prj

TABLE OF CONTENTS
  1) Synthesis Options Summary
  2) HDL Compilation
  3) Design Hierarchy Analysis
  4) HDL Analysis
  5) HDL Synthesis
     5.1) HDL Synthesis Report
  6) Advanced HDL Synthesis
     6.1) Advanced HDL Synthesis Report
  7) Low Level Synthesis
  8) Partition Report
  9) Final Report
	9.1) Device utilization summary
	9.2) Partition Resource Summary
	9.3) TIMING REPORT


=========================================================================
*                      Synthesis Options Summary                        *
=========================================================================
---- Source Parameters
Input File Name                    : "RXModule.prj"
Input Format                       : mixed
Ignore Synthesis Constraint File   : NO

---- Target Parameters
Output File Name                   : "RXModule"
Output Format                      : NGC
Target Device                      : xc3s200-4-tq144

---- Source Options
Top Module Name                    : RXModule
Automatic FSM Extraction           : YES
FSM Encoding Algorithm             : Auto
Safe Implementation                : No
FSM Style                          : LUT
RAM Extraction                     : Yes
RAM Style                          : Auto
ROM Extraction                     : Yes
Mux Style                          : Auto
Decoder Extraction                 : YES
Priority Encoder Extraction        : Yes
Shift Register Extraction          : YES
Logical Shifter Extraction         : YES
XOR Collapsing                     : YES
ROM Style                          : Auto
Mux Extraction                     : Yes
Resource Sharing                   : YES
Asynchronous To Synchronous        : NO
Multiplier Style                   : Auto
Automatic Register Balancing       : No

---- Target Options
Add IO Buffers                     : YES
Global Maximum Fanout              : 100000
Add Generic Clock Buffer(BUFG)     : 8
Register Duplication               : YES
Slice Packing                      : YES
Optimize Instantiated Primitives   : NO
Use Clock Enable                   : Yes
Use Synchronous Set                : Yes
Use Synchronous Reset              : Yes
Pack IO Registers into IOBs        : Auto
Equivalent register Removal        : YES

---- General Options
Optimization Goal                  : Speed
Optimization Effort                : 1
Keep Hierarchy                     : No
Netlist Hierarchy                  : As_Optimized
RTL Output                         : Yes
Global Optimization                : AllClockNets
Read Cores                         : YES
Write Timing Constraints           : NO
Cross Clock Analysis               : NO
Hierarchy Separator                : /
Bus Delimiter                      : <>
Case Specifier                     : Maintain
Slice Utilization Ratio            : 100
BRAM Utilization Ratio             : 100
Verilog 2001                       : YES
Auto BRAM Packing                  : NO
Slice Utilization Ratio Delta      : 5

=========================================================================


=========================================================================
*                          HDL Compilation                              *
=========================================================================
Compiling vhdl file "E:/MiniDesignChallenge/RXModule.vhd" in Library work.
Architecture behavioral of Entity rxmodule is up to date.

=========================================================================
*                     Design Hierarchy Analysis                         *
=========================================================================
Analyzing hierarchy for entity <RXModule> in library <work> (architecture <behavioral>).


=========================================================================
*                            HDL Analysis                               *
=========================================================================
Analyzing Entity <RXModule> in library <work> (Architecture <behavioral>).
Entity <RXModule> analyzed. Unit <RXModule> generated.


=========================================================================
*                           HDL Synthesis                               *
=========================================================================

Performing bidirectional port resolution...

Synthesizing Unit <RXModule>.
    Related source file is "E:/MiniDesignChallenge/RXModule.vhd".
    Found finite state machine <FSM_0> for signal <FSMState>.
    -----------------------------------------------------------------------
    | States             | 4                                              |
    | Transitions        | 8                                              |
    | Inputs             | 4                                              |
    | Outputs            | 5                                              |
    | Clock              | Clk                       (rising_edge)        |
    | Reset              | Rst                       (negative)           |
    | Reset type         | synchronous                                    |
    | Reset State        | 00                                             |
    | Encoding           | automatic                                      |
    | Implementation     | LUT                                            |
    -----------------------------------------------------------------------
    Found 10-bit register for signal <DataReceive>.
    Found 16-bit register for signal <ClkCounter>.
    Found 16-bit adder for signal <ClkCounter$share0000> created at line 67.
    Found 4-bit register for signal <DataLocation>.
    Found 4-bit adder for signal <DataLocation$addsub0000> created at line 92.
    Found 4-bit comparator equal for signal <FSMState$cmp_eq0000> created at line 87.
    Found 16-bit comparator greatequal for signal <FSMState$cmp_ge0000> created at line 77.
    Found 16-bit comparator greatequal for signal <FSMState$cmp_ge0001> created at line 85.
    Found 4-bit subtractor for signal <FSMState$sub0000> created at line 87.
    Found 1-bit register for signal <Readable>.
    Found 16-bit register for signal <WaitTime>.
    Found 16-bit adder for signal <WaitTime$add0000> created at line 75.
    Summary:
	inferred   1 Finite State Machine(s).
	inferred  47 D-type flip-flop(s).
	inferred   4 Adder/Subtractor(s).
	inferred   3 Comparator(s).
Unit <RXModule> synthesized.

INFO:Xst:1767 - HDL ADVISOR - Resource sharing has identified that some arithmetic operations in this design can share the same physical resources for reduced device utilization. For improved clock frequency you may try to disable resource sharing.

=========================================================================
HDL Synthesis Report

Macro Statistics
# Adders/Subtractors                                   : 4
 16-bit adder                                          : 2
 4-bit adder                                           : 1
 4-bit subtractor                                      : 1
# Registers                                            : 14
 1-bit register                                        : 11
 16-bit register                                       : 2
 4-bit register                                        : 1
# Comparators                                          : 3
 16-bit comparator greatequal                          : 2
 4-bit comparator equal                                : 1

=========================================================================

=========================================================================
*                       Advanced HDL Synthesis                          *
=========================================================================

Analyzing FSM <FSM_0> for best encoding.
Optimizing FSM <FSMState/FSM> on signal <FSMState[1:2]> with gray encoding.
-------------------
 State | Encoding
-------------------
 00    | 00
 01    | 01
 10    | 11
 11    | 10
-------------------

=========================================================================
Advanced HDL Synthesis Report

Macro Statistics
# FSMs                                                 : 1
# Adders/Subtractors                                   : 4
 16-bit adder                                          : 2
 4-bit adder                                           : 1
 4-bit subtractor                                      : 1
# Registers                                            : 47
 Flip-Flops                                            : 47
# Comparators                                          : 3
 16-bit comparator greatequal                          : 2
 4-bit comparator equal                                : 1

=========================================================================

=========================================================================
*                         Low Level Synthesis                           *
=========================================================================

Optimizing unit <RXModule> ...

Mapping all equations...
Building and optimizing final netlist ...
Found area constraint ratio of 100 (+ 5) on block RXModule, actual ratio is 3.

Final Macro Processing ...

=========================================================================
Final Register Report

Macro Statistics
# Registers                                            : 49
 Flip-Flops                                            : 49

=========================================================================

=========================================================================
*                           Partition Report                            *
=========================================================================

Partition Implementation Status
-------------------------------

  No Partitions were found in this design.

-------------------------------

=========================================================================
*                            Final Report                               *
=========================================================================
Final Results
RTL Top Level Output File Name     : RXModule.ngr
Top Level Output File Name         : RXModule
Output Format                      : NGC
Optimization Goal                  : Speed
Keep Hierarchy                     : No

Design Statistics
# IOs                              : 34

Cell Usage :
# BELS                             : 234
#      GND                         : 1
#      INV                         : 2
#      LUT1                        : 16
#      LUT2                        : 54
#      LUT3                        : 10
#      LUT3_D                      : 2
#      LUT3_L                      : 8
#      LUT4                        : 38
#      LUT4_D                      : 2
#      LUT4_L                      : 4
#      MUXCY                       : 62
#      MUXF5                       : 2
#      VCC                         : 1
#      XORCY                       : 32
# FlipFlops/Latches                : 49
#      FDE                         : 33
#      FDR                         : 6
#      FDRE                        : 10
# Clock Buffers                    : 1
#      BUFGP                       : 1
# IO Buffers                       : 33
#      IBUF                        : 22
#      OBUF                        : 11
=========================================================================

Device utilization summary:
---------------------------

Selected Device : 3s200tq144-4 

 Number of Slices:                       71  out of   1920     3%  
 Number of Slice Flip Flops:             49  out of   3840     1%  
 Number of 4 input LUTs:                136  out of   3840     3%  
 Number of IOs:                          34
 Number of bonded IOBs:                  34  out of     97    35%  
 Number of GCLKs:                         1  out of      8    12%  

---------------------------
Partition Resource Summary:
---------------------------

  No Partitions were found in this design.

---------------------------


=========================================================================
TIMING REPORT

NOTE: THESE TIMING NUMBERS ARE ONLY A SYNTHESIS ESTIMATE.
      FOR ACCURATE TIMING INFORMATION PLEASE REFER TO THE TRACE REPORT
      GENERATED AFTER PLACE-and-ROUTE.

Clock Information:
------------------
-----------------------------------+------------------------+-------+
Clock Signal                       | Clock buffer(FF name)  | Load  |
-----------------------------------+------------------------+-------+
Clk                                | BUFGP                  | 49    |
-----------------------------------+------------------------+-------+

Asynchronous Control Signals Information:
----------------------------------------
No asynchronous control signals found in this design

Timing Summary:
---------------
Speed Grade: -4

   Minimum period: 7.693ns (Maximum Frequency: 129.988MHz)
   Minimum input arrival time before clock: 7.898ns
   Maximum output required time after clock: 9.897ns
   Maximum combinational path delay: No path found

Timing Detail:
--------------
All values displayed in nanoseconds (ns)

=========================================================================
Timing constraint: Default period analysis for Clock 'Clk'
  Clock period: 7.693ns (frequency: 129.988MHz)
  Total number of paths / destination ports: 1943 / 59
-------------------------------------------------------------------------
Delay:               7.693ns (Levels of Logic = 19)
  Source:            ClkCounter_0 (FF)
  Destination:       ClkCounter_0 (FF)
  Source Clock:      Clk rising
  Destination Clock: Clk rising

  Data Path: ClkCounter_0 to ClkCounter_0
                                Gate     Net
    Cell:in->out      fanout   Delay   Delay  Logical Name (Net Name)
    ----------------------------------------  ------------
     FDE:C->Q              4   0.720   1.112  ClkCounter_0 (ClkCounter_0)
     LUT2:I1->O            1   0.551   0.000  Mcompar_FSMState_cmp_ge0001_lut<0> (Mcompar_FSMState_cmp_ge0001_lut<0>)
     MUXCY:S->O            1   0.500   0.000  Mcompar_FSMState_cmp_ge0001_cy<0> (Mcompar_FSMState_cmp_ge0001_cy<0>)
     MUXCY:CI->O           1   0.064   0.000  Mcompar_FSMState_cmp_ge0001_cy<1> (Mcompar_FSMState_cmp_ge0001_cy<1>)
     MUXCY:CI->O           1   0.064   0.000  Mcompar_FSMState_cmp_ge0001_cy<2> (Mcompar_FSMState_cmp_ge0001_cy<2>)
     MUXCY:CI->O           1   0.064   0.000  Mcompar_FSMState_cmp_ge0001_cy<3> (Mcompar_FSMState_cmp_ge0001_cy<3>)
     MUXCY:CI->O           1   0.064   0.000  Mcompar_FSMState_cmp_ge0001_cy<4> (Mcompar_FSMState_cmp_ge0001_cy<4>)
     MUXCY:CI->O           1   0.064   0.000  Mcompar_FSMState_cmp_ge0001_cy<5> (Mcompar_FSMState_cmp_ge0001_cy<5>)
     MUXCY:CI->O           1   0.064   0.000  Mcompar_FSMState_cmp_ge0001_cy<6> (Mcompar_FSMState_cmp_ge0001_cy<6>)
     MUXCY:CI->O           1   0.064   0.000  Mcompar_FSMState_cmp_ge0001_cy<7> (Mcompar_FSMState_cmp_ge0001_cy<7>)
     MUXCY:CI->O           1   0.064   0.000  Mcompar_FSMState_cmp_ge0001_cy<8> (Mcompar_FSMState_cmp_ge0001_cy<8>)
     MUXCY:CI->O           1   0.064   0.000  Mcompar_FSMState_cmp_ge0001_cy<9> (Mcompar_FSMState_cmp_ge0001_cy<9>)
     MUXCY:CI->O           1   0.064   0.000  Mcompar_FSMState_cmp_ge0001_cy<10> (Mcompar_FSMState_cmp_ge0001_cy<10>)
     MUXCY:CI->O           1   0.064   0.000  Mcompar_FSMState_cmp_ge0001_cy<11> (Mcompar_FSMState_cmp_ge0001_cy<11>)
     MUXCY:CI->O           1   0.064   0.000  Mcompar_FSMState_cmp_ge0001_cy<12> (Mcompar_FSMState_cmp_ge0001_cy<12>)
     MUXCY:CI->O           1   0.064   0.000  Mcompar_FSMState_cmp_ge0001_cy<13> (Mcompar_FSMState_cmp_ge0001_cy<13>)
     MUXCY:CI->O           1   0.064   0.000  Mcompar_FSMState_cmp_ge0001_cy<14> (Mcompar_FSMState_cmp_ge0001_cy<14>)
     MUXCY:CI->O           7   0.303   1.092  Mcompar_FSMState_cmp_ge0001_cy<15> (FSMState_cmp_ge0001)
     LUT4_D:I3->O         15   0.551   1.214  ClkCounter_mux0000<0>21 (N4)
     LUT4:I3->O            1   0.551   0.000  ClkCounter_mux0000<8>1 (ClkCounter_mux0000<8>)
     FDE:D                     0.203          ClkCounter_7
    ----------------------------------------
    Total                      7.693ns (4.275ns logic, 3.418ns route)
                                       (55.6% logic, 44.4% route)

=========================================================================
Timing constraint: Default OFFSET IN BEFORE for Clock 'Clk'
  Total number of paths / destination ports: 821 / 97
-------------------------------------------------------------------------
Offset:              7.898ns (Levels of Logic = 20)
  Source:            UART_ClkPerBit<0> (PAD)
  Destination:       ClkCounter_0 (FF)
  Destination Clock: Clk rising

  Data Path: UART_ClkPerBit<0> to ClkCounter_0
                                Gate     Net
    Cell:in->out      fanout   Delay   Delay  Logical Name (Net Name)
    ----------------------------------------  ------------
     IBUF:I->O             2   0.821   1.216  UART_ClkPerBit_0_IBUF (UART_ClkPerBit_0_IBUF)
     LUT2:I0->O            1   0.551   0.000  Mcompar_FSMState_cmp_ge0001_lut<0> (Mcompar_FSMState_cmp_ge0001_lut<0>)
     MUXCY:S->O            1   0.500   0.000  Mcompar_FSMState_cmp_ge0001_cy<0> (Mcompar_FSMState_cmp_ge0001_cy<0>)
     MUXCY:CI->O           1   0.064   0.000  Mcompar_FSMState_cmp_ge0001_cy<1> (Mcompar_FSMState_cmp_ge0001_cy<1>)
     MUXCY:CI->O           1   0.064   0.000  Mcompar_FSMState_cmp_ge0001_cy<2> (Mcompar_FSMState_cmp_ge0001_cy<2>)
     MUXCY:CI->O           1   0.064   0.000  Mcompar_FSMState_cmp_ge0001_cy<3> (Mcompar_FSMState_cmp_ge0001_cy<3>)
     MUXCY:CI->O           1   0.064   0.000  Mcompar_FSMState_cmp_ge0001_cy<4> (Mcompar_FSMState_cmp_ge0001_cy<4>)
     MUXCY:CI->O           1   0.064   0.000  Mcompar_FSMState_cmp_ge0001_cy<5> (Mcompar_FSMState_cmp_ge0001_cy<5>)
     MUXCY:CI->O           1   0.064   0.000  Mcompar_FSMState_cmp_ge0001_cy<6> (Mcompar_FSMState_cmp_ge0001_cy<6>)
     MUXCY:CI->O           1   0.064   0.000  Mcompar_FSMState_cmp_ge0001_cy<7> (Mcompar_FSMState_cmp_ge0001_cy<7>)
     MUXCY:CI->O           1   0.064   0.000  Mcompar_FSMState_cmp_ge0001_cy<8> (Mcompar_FSMState_cmp_ge0001_cy<8>)
     MUXCY:CI->O           1   0.064   0.000  Mcompar_FSMState_cmp_ge0001_cy<9> (Mcompar_FSMState_cmp_ge0001_cy<9>)
     MUXCY:CI->O           1   0.064   0.000  Mcompar_FSMState_cmp_ge0001_cy<10> (Mcompar_FSMState_cmp_ge0001_cy<10>)
     MUXCY:CI->O           1   0.064   0.000  Mcompar_FSMState_cmp_ge0001_cy<11> (Mcompar_FSMState_cmp_ge0001_cy<11>)
     MUXCY:CI->O           1   0.064   0.000  Mcompar_FSMState_cmp_ge0001_cy<12> (Mcompar_FSMState_cmp_ge0001_cy<12>)
     MUXCY:CI->O           1   0.064   0.000  Mcompar_FSMState_cmp_ge0001_cy<13> (Mcompar_FSMState_cmp_ge0001_cy<13>)
     MUXCY:CI->O           1   0.064   0.000  Mcompar_FSMState_cmp_ge0001_cy<14> (Mcompar_FSMState_cmp_ge0001_cy<14>)
     MUXCY:CI->O           7   0.303   1.092  Mcompar_FSMState_cmp_ge0001_cy<15> (FSMState_cmp_ge0001)
     LUT4_D:I3->O         15   0.551   1.214  ClkCounter_mux0000<0>21 (N4)
     LUT4:I3->O            1   0.551   0.000  ClkCounter_mux0000<8>1 (ClkCounter_mux0000<8>)
     FDE:D                     0.203          ClkCounter_7
    ----------------------------------------
    Total                      7.898ns (4.376ns logic, 3.522ns route)
                                       (55.4% logic, 44.6% route)

=========================================================================
Timing constraint: Default OFFSET OUT AFTER for Clock 'Clk'
  Total number of paths / destination ports: 12 / 11
-------------------------------------------------------------------------
Offset:              9.897ns (Levels of Logic = 2)
  Source:            FSMState_FSM_FFd2 (FF)
  Destination:       UART_RXFinished (PAD)
  Source Clock:      Clk rising

  Data Path: FSMState_FSM_FFd2 to UART_RXFinished
                                Gate     Net
    Cell:in->out      fanout   Delay   Delay  Logical Name (Net Name)
    ----------------------------------------  ------------
     FDR:C->Q             30   0.720   2.181  FSMState_FSM_FFd2 (FSMState_FSM_FFd2)
     LUT2:I0->O            1   0.551   0.801  UART_RXFinished1 (UART_RXFinished_OBUF)
     OBUF:I->O                 5.644          UART_RXFinished_OBUF (UART_RXFinished)
    ----------------------------------------
    Total                      9.897ns (6.915ns logic, 2.982ns route)
                                       (69.9% logic, 30.1% route)

=========================================================================


Total REAL time to Xst completion: 19.00 secs
Total CPU time to Xst completion: 18.98 secs
 
--> 

Total memory usage is 306172 kilobytes

Number of errors   :    0 (   0 filtered)
Number of warnings :    0 (   0 filtered)
Number of infos    :    1 (   0 filtered)

