Release 14.7 - ngc2edif P.20131013 (nt)
Copyright (c) 1995-2013 Xilinx, Inc.  All rights reserved.
Reading design Core.ngc ...
WARNING:NetListWriters:298 - No output is written to Core.xncf, ignored.
Processing design ...
   Preping design's networks ...
   Preping design's macros ...
WARNING:NetListWriters:306 - Signal bus Mcompar_Data_cmp_ge0000_lut<12 : 1> on
   block Core is not reconstructed, because there are some missing bus signals.
  finished :Prep
Writing EDIF netlist file Core.edif ...
ngc2edif: Total memory usage is 77236 kilobytes

Release 14.7 - ngc2edif P.20131013 (nt)
Copyright (c) 1995-2013 Xilinx, Inc.  All rights reserved.
Reading design Core.ngc ...
WARNING:NetListWriters:298 - No output is written to Core.xncf, ignored.
Processing design ...
   Preping design's networks ...
   Preping design's macros ...
WARNING:NetListWriters:306 - Signal bus
   Mcompar_ButtonTimeCount_cmp_ge0000_lut<12 : 1> on block Core is not
   reconstructed, because there are some missing bus signals.
  finished :Prep
Writing EDIF netlist file Core.edif ...
ngc2edif: Total memory usage is 77556 kilobytes

