#-----------------------------------------------------------
# PlanAhead v14.7
# Build 321239 by xbuild on Fri Sep 27 19:31:35 MDT 2013
# Start of session at: Tue Dec 06 17:15:19 2016
# Process ID: 10540
# Log file: C:/Users/noraw/Documents/VHDL/Chula2016/planAhead_run_1/planAhead.log
# Journal file: C:/Users/noraw/Documents/VHDL/Chula2016/planAhead_run_1/planAhead.jou
#-----------------------------------------------------------
INFO: [Common 17-78] Attempting to get a license: PlanAhead
INFO: [Common 17-290] Got license for PlanAhead
INFO: [Device 21-36] Loading parts and site information from C:/Xilinx/14.7/ISE_DS/PlanAhead/data/parts/arch.xml
Parsing RTL primitives file [C:/Xilinx/14.7/ISE_DS/PlanAhead/data/parts/xilinx/rtl/prims/rtl_prims.xml]
Finished parsing RTL primitives file [C:/Xilinx/14.7/ISE_DS/PlanAhead/data/parts/xilinx/rtl/prims/rtl_prims.xml]
start_gui
source C:/Users/noraw/Documents/VHDL/Chula2016/pa.fromNetlist.tcl
# create_project -name Chula2016 -dir "C:/Users/noraw/Documents/VHDL/Chula2016/planAhead_run_1" -part xc3s200tq144-4
# set_property design_mode GateLvl [get_property srcset [current_run -impl]]
# set_property edif_top_file "C:/Users/noraw/Documents/VHDL/Chula2016/Core.ngc" [ get_property srcset [ current_run ] ]
# add_files -norecurse { {C:/Users/noraw/Documents/VHDL/Chula2016} }
# set_property target_constrs_file "Core.ucf" [current_fileset -constrset]
Adding file 'C:/Users/noraw/Documents/VHDL/Chula2016/Core.ucf' to fileset 'constrs_1'
# add_files [list {Core.ucf}] -fileset [get_property constrset [current_run]]
# link_design
Design is defaulting to srcset: sources_1
Design is defaulting to constrset: constrs_1
Design is defaulting to project part: xc3s200tq144-4
Release 14.7 - ngc2edif P.20131013 (nt)
Copyright (c) 1995-2013 Xilinx, Inc.  All rights reserved.

Release 14.7 - ngc2edif P.20131013 (nt)
Copyright (c) 1995-2013 Xilinx, Inc.  All rights reserved.
Reading design Core.ngc ...
WARNING:NetListWriters:298 - No output is written to Core.xncf, ignored.
Processing design ...
   Preping design's networks ...
   Preping design's macros ...
WARNING:NetListWriters:306 - Signal bus State_mux0000<3 : 0> on block Core is
   not reconstructed, because there are some missing bus signals.
WARNING:NetListWriters:306 - Signal bus data_mux0001<15 : 0> on block Core is
   not reconstructed, because there are some missing bus signals.
  finished :Prep
Writing EDIF netlist file Core.edif ...
ngc2edif: Total memory usage is 77812 kilobytes

Parsing EDIF File [./planAhead_run_1/Chula2016.data/cache/Core_ngc_zx.edif]
Finished Parsing EDIF File [./planAhead_run_1/Chula2016.data/cache/Core_ngc_zx.edif]
INFO: [Designutils 20-910] Reading macro library C:/Xilinx/14.7/ISE_DS/PlanAhead/data\./parts/xilinx/spartan3/hd_int_macros.edn
Parsing EDIF File [C:/Xilinx/14.7/ISE_DS/PlanAhead/data\./parts/xilinx/spartan3/hd_int_macros.edn]
Finished Parsing EDIF File [C:/Xilinx/14.7/ISE_DS/PlanAhead/data\./parts/xilinx/spartan3/hd_int_macros.edn]
Loading clock regions from C:/Xilinx/14.7/ISE_DS/PlanAhead/data\parts/xilinx/spartan3/spartan3/xc3s200/ClockRegion.xml
Loading clock buffers from C:/Xilinx/14.7/ISE_DS/PlanAhead/data\parts/xilinx/spartan3/spartan3/xc3s200/ClockBuffers.xml
Loading package from C:/Xilinx/14.7/ISE_DS/PlanAhead/data\parts/xilinx/spartan3/spartan3/xc3s200/tq144/Package.xml
Loading io standards from C:/Xilinx/14.7/ISE_DS/PlanAhead/data\./parts/xilinx/spartan3/IOStandards.xml
INFO: [Device 21-19] Loading pkg sso from C:/Xilinx/14.7/ISE_DS/PlanAhead/data\parts/xilinx/spartan3/spartan3/xc3s200/tq144/SSORules.xml
Loading list of drcs for the architecture : C:/Xilinx/14.7/ISE_DS/PlanAhead/data\./parts/xilinx/spartan3/drc.xml
INFO: [Timing 38-77] Reading timing library C:/Xilinx/14.7/ISE_DS/PlanAhead/data\parts/xilinx/spartan3/spartan3/spartan3-4.lib.
INFO: [Timing 38-34] Done reading timing library C:/Xilinx/14.7/ISE_DS/PlanAhead/data\parts/xilinx/spartan3/spartan3/spartan3-4.lib.
Parsing UCF File [C:/Users/noraw/Documents/VHDL/Chula2016/Core.ucf]
Finished Parsing UCF File [C:/Users/noraw/Documents/VHDL/Chula2016/Core.ucf]
INFO: [Project 1-111] Unisim Transformation Summary:
No Unisim elements were transformed.

Phase 0 | Netlist Checksum: 553dea79
link_design: Time (s): elapsed = 00:00:07 . Memory (MB): peak = 502.516 ; gain = 100.258
exit
ERROR: [PlanAhead 12-106] *** Exception: ui.h.b: Found deleted key in HTclEventBroker. Verify if the classes listed here call cleanup()
HTclEvent: SIGNAL_BUS_MODIFY   Classes: ui.views.aR 
HTclEvent: DEBUG_PORT_CONFIG_CHANGE   Classes: ui.views.aR 
HTclEvent: SIGNAL_MODIFY   Classes: ui.views.aR 
HTclEvent: DEBUG_CORE_CONFIG_CHANGE   Classes: ui.views.aR 
 (See C:/Users/noraw/Documents/VHDL/Chula2016\planAhead_pid10540.debug)
ERROR: [Common 17-39] 'stop_gui' failed due to earlier errors.
INFO: [Common 17-206] Exiting PlanAhead at Tue Dec 06 17:40:51 2016...
INFO: [Common 17-83] Releasing license: PlanAhead
