
****** PlanAhead v14.7
  **** Build 321239 by xbuild on Fri Sep 27 19:31:35 MDT 2013
    ** Copyright 1986-1999, 2001-2013 Xilinx, Inc. All Rights Reserved.

INFO: [Common 17-78] Attempting to get a license: PlanAhead
INFO: [Common 17-290] Got license for PlanAhead
INFO: [Device 21-36] Loading parts and site information from C:/Xilinx/14.7/ISE_DS/PlanAhead/data/parts/arch.xml
Parsing RTL primitives file [C:/Xilinx/14.7/ISE_DS/PlanAhead/data/parts/xilinx/rtl/prims/rtl_prims.xml]
Finished parsing RTL primitives file [C:/Xilinx/14.7/ISE_DS/PlanAhead/data/parts/xilinx/rtl/prims/rtl_prims.xml]
start_gui
source C:/Users/noraw/Documents/VHDL/Multiplier/pa.fromNetlist.tcl
# create_project -name Multiplier -dir "C:/Users/noraw/Documents/VHDL/Multiplier/planAhead_run_2" -part xc3s200tq144-4
# set_property design_mode GateLvl [get_property srcset [current_run -impl]]
# set_property edif_top_file "C:/Users/noraw/Documents/VHDL/Multiplier/Core.ngc" [ get_property srcset [ current_run ] ]
# add_files -norecurse { {C:/Users/noraw/Documents/VHDL/Multiplier} }
# set_property target_constrs_file "Core.ucf" [current_fileset -constrset]
Adding file 'C:/Users/noraw/Documents/VHDL/Multiplier/Core.ucf' to fileset 'constrs_1'
# add_files [list {Core.ucf}] -fileset [get_property constrset [current_run]]
# link_design
Design is defaulting to srcset: sources_1
Design is defaulting to constrset: constrs_1
Design is defaulting to project part: xc3s200tq144-4
Release 14.7 - ngc2edif P.20131013 (nt)
Copyright (c) 1995-2013 Xilinx, Inc.  All rights reserved.

Release 14.7 - ngc2edif P.20131013 (nt)
Copyright (c) 1995-2013 Xilinx, Inc.  All rights reserved.
Reading design Core.ngc ...
WARNING:NetListWriters:298 - No output is written to Core.xncf, ignored.
Processing design ...
   Preping design's networks ...
   Preping design's macros ...
WARNING:NetListWriters:306 - Signal bus Mcompar_Data_cmp_ge0000_lut<12 : 1> on
   block Core is not reconstructed, because there are some missing bus signals.
  finished :Prep
Writing EDIF netlist file Core.edif ...
ngc2edif: Total memory usage is 77236 kilobytes

Parsing EDIF File [./planAhead_run_2/Multiplier.data/cache/Core_ngc_zx.edif]
Finished Parsing EDIF File [./planAhead_run_2/Multiplier.data/cache/Core_ngc_zx.edif]
INFO: [Designutils 20-910] Reading macro library C:/Xilinx/14.7/ISE_DS/PlanAhead/data\./parts/xilinx/spartan3/hd_int_macros.edn
Parsing EDIF File [C:/Xilinx/14.7/ISE_DS/PlanAhead/data\./parts/xilinx/spartan3/hd_int_macros.edn]
Finished Parsing EDIF File [C:/Xilinx/14.7/ISE_DS/PlanAhead/data\./parts/xilinx/spartan3/hd_int_macros.edn]
Loading clock regions from C:/Xilinx/14.7/ISE_DS/PlanAhead/data\parts/xilinx/spartan3/spartan3/xc3s200/ClockRegion.xml
Loading clock buffers from C:/Xilinx/14.7/ISE_DS/PlanAhead/data\parts/xilinx/spartan3/spartan3/xc3s200/ClockBuffers.xml
Loading package from C:/Xilinx/14.7/ISE_DS/PlanAhead/data\parts/xilinx/spartan3/spartan3/xc3s200/tq144/Package.xml
Loading io standards from C:/Xilinx/14.7/ISE_DS/PlanAhead/data\./parts/xilinx/spartan3/IOStandards.xml
INFO: [Device 21-19] Loading pkg sso from C:/Xilinx/14.7/ISE_DS/PlanAhead/data\parts/xilinx/spartan3/spartan3/xc3s200/tq144/SSORules.xml
Loading list of drcs for the architecture : C:/Xilinx/14.7/ISE_DS/PlanAhead/data\./parts/xilinx/spartan3/drc.xml
INFO: [Timing 38-77] Reading timing library C:/Xilinx/14.7/ISE_DS/PlanAhead/data\parts/xilinx/spartan3/spartan3/spartan3-4.lib.
INFO: [Timing 38-34] Done reading timing library C:/Xilinx/14.7/ISE_DS/PlanAhead/data\parts/xilinx/spartan3/spartan3/spartan3-4.lib.
Parsing UCF File [C:/Users/noraw/Documents/VHDL/Multiplier/Core.ucf]
Finished Parsing UCF File [C:/Users/noraw/Documents/VHDL/Multiplier/Core.ucf]
INFO: [Project 1-111] Unisim Transformation Summary:
No Unisim elements were transformed.

Phase 0 | Netlist Checksum: f4ec7ba8
link_design: Time (s): elapsed = 00:00:10 . Memory (MB): peak = 471.098 ; gain = 86.270
set_property package_pin "" [get_ports [list  {Dips[7]}]]
startgroup
set_property package_pin P31 [get_ports {Digits[1]}]
endgroup
startgroup
set_property package_pin P33 [get_ports {Digits[2]}]
endgroup
startgroup
set_property package_pin P36 [get_ports {Digits[3]}]
endgroup
startgroup
set_property package_pin P41 [get_ports {Digits[4]}]
endgroup
startgroup
set_property package_pin P40 [get_ports {Dips[7]}]
endgroup
startgroup
set_property package_pin P35 [get_ports {Dips[6]}]
endgroup
startgroup
set_property package_pin P32 [get_ports {Dips[5]}]
endgroup
startgroup
set_property package_pin P30 [get_ports {Dips[4]}]
endgroup
startgroup
set_property package_pin P27 [get_ports {Dips[3]}]
endgroup
startgroup
set_property package_pin P25 [get_ports {Dips[2]}]
endgroup
startgroup
set_property package_pin P23 [get_ports {Dips[1]}]
endgroup
startgroup
set_property package_pin P52 [get_ports {Dips[7]}]
endgroup
startgroup
set_property package_pin P53 [get_ports {Dips[6]}]
endgroup
startgroup
set_property package_pin P55 [get_ports {Dips[5]}]
endgroup
startgroup
set_property package_pin P56 [get_ports {Dips[4]}]
endgroup
startgroup
set_property package_pin P59 [get_ports {Dips[3]}]
endgroup
startgroup
set_property package_pin P60 [get_ports {Dips[2]}]
endgroup
startgroup
set_property package_pin P63 [get_ports {Dips[1]}]
endgroup
startgroup
set_property package_pin P68 [get_ports {Dips[0]}]
endgroup
startgroup
set_property package_pin P40 [get_ports {Segments[6]}]
endgroup
startgroup
set_property package_pin P40 [get_ports {Segments[6]}]
endgroup
startgroup
set_property package_pin P35 [get_ports {Segments[5]}]
endgroup
startgroup
set_property package_pin P32 [get_ports {Segments[4]}]
endgroup
startgroup
set_property package_pin P30 [get_ports {Segments[3]}]
endgroup
startgroup
set_property package_pin P27 [get_ports {Segments[2]}]
endgroup
startgroup
set_property package_pin P25 [get_ports {Segments[1]}]
endgroup
startgroup
set_property package_pin P23 [get_ports {Segments[0]}]
endgroup
startgroup
set_property package_pin P127 [get_ports Clock]
endgroup
startgroup
set_property package_pin P47 [get_ports ClrButton]
endgroup
startgroup
set_property package_pin P46 [get_ports MultiplyButton]
endgroup
startgroup
set_property package_pin P44 [get_ports SetButton]
endgroup
save_constraints
