Release 14.7 Map P.20131013 (nt64)
Xilinx Mapping Report File for Design 'PRO'

Design Information
------------------
Command Line   : map -intstyle ise -p xc3s200-tq144-4 -cm area -ir off -pr off
-c 100 -o PRO_map.ncd PRO.ngd PRO.pcf 
Target Device  : xc3s200
Target Package : tq144
Target Speed   : -4
Mapper Version : spartan3 -- $Revision: 1.55 $
Mapped Date    : Wed Dec 07 16:04:36 2016

Design Summary
--------------
Number of errors:      0
Number of warnings:    0
Logic Utilization:
  Total Number Slice Registers:          52 out of   3,840    1%
    Number used as Flip Flops:            2
    Number used as Latches:              50
  Number of 4 input LUTs:               177 out of   3,840    4%
Logic Distribution:
  Number of occupied Slices:            104 out of   1,920    5%
    Number of Slices containing only related logic:     104 out of     104 100%
    Number of Slices containing unrelated logic:          0 out of     104   0%
      *See NOTES below for an explanation of the effects of unrelated logic.
  Total Number of 4 input LUTs:         177 out of   3,840    4%
  Number of bonded IOBs:                 25 out of      97   25%
  Number of BUFGMUXs:                     4 out of       8   50%

Average Fanout of Non-Clock Nets:                3.98

Peak Memory Usage:  276 MB
Total REAL time to MAP completion:  1 secs 
Total CPU time to MAP completion:   1 secs 

NOTES:

   Related logic is defined as being logic that shares connectivity - e.g. two
   LUTs are "related" if they share common inputs.  When assembling slices,
   Map gives priority to combine logic that is related.  Doing so results in
   the best timing performance.

   Unrelated logic shares no connectivity.  Map will only begin packing
   unrelated logic into a slice once 99% of the slices are occupied through
   related logic packing.

   Note that once logic distribution reaches the 99% level through related
   logic packing, this does not mean the device is completely utilized.
   Unrelated logic packing will then begin, continuing until all usable LUTs
   and FFs are occupied.  Depending on your timing budget, increased levels of
   unrelated logic packing may adversely affect the overall timing performance
   of your design.

Table of Contents
-----------------
Section 1 - Errors
Section 2 - Warnings
Section 3 - Informational
Section 4 - Removed Logic Summary
Section 5 - Removed Logic
Section 6 - IOB Properties
Section 7 - RPMs
Section 8 - Guide Report
Section 9 - Area Group and Partition Summary
Section 10 - Timing Report
Section 11 - Configuration String Information
Section 12 - Control Set Information
Section 13 - Utilization by Hierarchy

Section 1 - Errors
------------------

Section 2 - Warnings
--------------------

Section 3 - Informational
-------------------------
INFO:MapLib:562 - No environment variables are currently set.
INFO:LIT:244 - All of the single ended outputs in this design are using slew
   rate limited output drivers. The delay on speed critical single ended outputs
   can be dramatically reduced by designating them as fast outputs.

Section 4 - Removed Logic Summary
---------------------------------
   1 block(s) optimized away

Section 5 - Removed Logic
-------------------------

Optimized Block(s):
TYPE 		BLOCK
VCC 		XST_VCC

To enable printing of redundant blocks removed and signals merged, set the
detailed map report option and rerun map.

Section 6 - IOB Properties
--------------------------

+---------------------------------------------------------------------------------------------------------------------------------------------------------+
| IOB Name                           | Type             | Direction | IO Standard          | Diff  | Drive    | Slew | Reg (s)      | Resistor | IOB      |
|                                    |                  |           |                      | Term  | Strength | Rate |              |          | Delay    |
+---------------------------------------------------------------------------------------------------------------------------------------------------------+
| BS1                                | IOB              | INPUT     | LVCMOS25             |       |          |      |              |          |          |
| BS2                                | IOB              | INPUT     | LVCMOS25             |       |          |      |              |          |          |
| BS3                                | IOB              | INPUT     | LVCMOS25             |       |          |      |              |          |          |
| BS4                                | IOB              | INPUT     | LVCMOS25             |       |          |      |              |          |          |
| BS5                                | IOB              | INPUT     | LVCMOS25             |       |          |      |              |          |          |
| CLK                                | IOB              | INPUT     | LVCMOS25             |       |          |      |              |          |          |
| DIP<0>                             | IOB              | INPUT     | LVCMOS25             |       |          |      |              |          |          |
| DIP<1>                             | IOB              | INPUT     | LVCMOS25             |       |          |      |              |          |          |
| DIP<2>                             | IOB              | INPUT     | LVCMOS25             |       |          |      |              |          |          |
| DIP<3>                             | IOB              | INPUT     | LVCMOS25             |       |          |      |              |          |          |
| DIP<4>                             | IOB              | INPUT     | LVCMOS25             |       |          |      |              |          |          |
| DIP<5>                             | IOB              | INPUT     | LVCMOS25             |       |          |      |              |          |          |
| DIP<6>                             | IOB              | INPUT     | LVCMOS25             |       |          |      |              |          |          |
| DIP<7>                             | IOB              | INPUT     | LVCMOS25             |       |          |      |              |          |          |
| Z<0>                               | IOB              | OUTPUT    | LVCMOS25             |       | 12       | SLOW |              |          |          |
| Z<1>                               | IOB              | OUTPUT    | LVCMOS25             |       | 12       | SLOW |              |          |          |
| Z<2>                               | IOB              | OUTPUT    | LVCMOS25             |       | 12       | SLOW |              |          |          |
| Z<3>                               | IOB              | OUTPUT    | LVCMOS25             |       | 12       | SLOW |              |          |          |
| Z<4>                               | IOB              | OUTPUT    | LVCMOS25             |       | 12       | SLOW |              |          |          |
| Z<5>                               | IOB              | OUTPUT    | LVCMOS25             |       | 12       | SLOW |              |          |          |
| Z<6>                               | IOB              | OUTPUT    | LVCMOS25             |       | 12       | SLOW |              |          |          |
| digi<0>                            | IOB              | OUTPUT    | LVCMOS25             |       | 12       | SLOW |              |          |          |
| digi<1>                            | IOB              | OUTPUT    | LVCMOS25             |       | 12       | SLOW |              |          |          |
| digi<2>                            | IOB              | OUTPUT    | LVCMOS25             |       | 12       | SLOW |              |          |          |
| digi<3>                            | IOB              | OUTPUT    | LVCMOS25             |       | 12       | SLOW |              |          |          |
+---------------------------------------------------------------------------------------------------------------------------------------------------------+

Section 7 - RPMs
----------------

Section 8 - Guide Report
------------------------
Guide not run on this design.

Section 9 - Area Group and Partition Summary
--------------------------------------------

Partition Implementation Status
-------------------------------

  No Partitions were found in this design.

-------------------------------

Area Group Information
----------------------

  No area groups were found in this design.

----------------------

Section 10 - Timing Report
--------------------------
This design was not run using timing mode.

Section 11 - Configuration String Details
-----------------------------------------
Use the "-detail" map option to print out Configuration Strings

Section 12 - Control Set Information
------------------------------------
No control set information for this architecture.

Section 13 - Utilization by Hierarchy
-------------------------------------
Use the "-detail" map option to print out the Utilization by Hierarchy section.
