#-----------------------------------------------------------
# PlanAhead v14.7
# Build 321239 by xbuild on Fri Sep 27 19:31:35 MDT 2013
# Start of session at: Wed Jan 18 10:50:56 2017
# Process ID: 2804
# Log file: C:/Users/Oak/Documents/Xilinx ISE Workspace/MiniDesignChallenge/planAhead_run_1/planAhead.log
# Journal file: C:/Users/Oak/Documents/Xilinx ISE Workspace/MiniDesignChallenge/planAhead_run_1/planAhead.jou
#-----------------------------------------------------------
INFO: [Common 17-78] Attempting to get a license: PlanAhead
INFO: [Common 17-290] Got license for PlanAhead
INFO: [Device 21-36] Loading parts and site information from C:/Xilinx/14.7/ISE_DS/PlanAhead/data/parts/arch.xml
Parsing RTL primitives file [C:/Xilinx/14.7/ISE_DS/PlanAhead/data/parts/xilinx/rtl/prims/rtl_prims.xml]
Finished parsing RTL primitives file [C:/Xilinx/14.7/ISE_DS/PlanAhead/data/parts/xilinx/rtl/prims/rtl_prims.xml]
start_gui
source {C:/Users/Oak/Documents/Xilinx ISE Workspace/MiniDesignChallenge/pa.fromNetlist.tcl}
# create_project -name MiniDesignChallenge -dir "C:/Users/Oak/Documents/Xilinx ISE Workspace/MiniDesignChallenge/planAhead_run_2" -part xc3s200tq144-4
create_project: Time (s): elapsed = 00:00:05 . Memory (MB): peak = 403.781 ; gain = 32.309
# set_property design_mode GateLvl [get_property srcset [current_run -impl]]
# set_property edif_top_file "C:/Users/Oak/Documents/Xilinx ISE Workspace/MiniDesignChallenge/MainModule.ngc" [ get_property srcset [ current_run ] ]
# add_files -norecurse { {C:/Users/Oak/Documents/Xilinx ISE Workspace/MiniDesignChallenge} }
# set_property target_constrs_file "MainModule.ucf" [current_fileset -constrset]
Adding file 'C:/Users/Oak/Documents/Xilinx ISE Workspace/MiniDesignChallenge/MainModule.ucf' to fileset 'constrs_1'
# add_files [list {MainModule.ucf}] -fileset [get_property constrset [current_run]]
# link_design
Design is defaulting to srcset: sources_1
Design is defaulting to constrset: constrs_1
Design is defaulting to project part: xc3s200tq144-4
Release 14.7 - ngc2edif P.20131013 (nt)
Copyright (c) 1995-2013 Xilinx, Inc.  All rights reserved.

Release 14.7 - ngc2edif P.20131013 (nt)
Copyright (c) 1995-2013 Xilinx, Inc.  All rights reserved.
Reading design MainModule.ngc ...
WARNING:NetListWriters:298 - No output is written to MainModule.xncf, ignored.
Processing design ...
   Preping design's networks ...
   Preping design's macros ...
WARNING:NetListWriters:306 - Signal bus
   u_UART_AmountDataBit_Decoder/UART_AmountDataBit<3 : 0> on block MainModule is
   not reconstructed, because there are some missing bus signals.
  finished :Prep
Writing EDIF netlist file MainModule.edif ...
ngc2edif: Total memory usage is 81744 kilobytes

Parsing EDIF File [./planAhead_run_2/MiniDesignChallenge.data/cache/MainModule_ngc_zx.edif]
Finished Parsing EDIF File [./planAhead_run_2/MiniDesignChallenge.data/cache/MainModule_ngc_zx.edif]
INFO: [Designutils 20-910] Reading macro library C:/Xilinx/14.7/ISE_DS/PlanAhead/data\./parts/xilinx/spartan3/hd_int_macros.edn
Parsing EDIF File [C:/Xilinx/14.7/ISE_DS/PlanAhead/data\./parts/xilinx/spartan3/hd_int_macros.edn]
Finished Parsing EDIF File [C:/Xilinx/14.7/ISE_DS/PlanAhead/data\./parts/xilinx/spartan3/hd_int_macros.edn]
Loading clock regions from C:/Xilinx/14.7/ISE_DS/PlanAhead/data\parts/xilinx/spartan3/spartan3/xc3s200/ClockRegion.xml
Loading clock buffers from C:/Xilinx/14.7/ISE_DS/PlanAhead/data\parts/xilinx/spartan3/spartan3/xc3s200/ClockBuffers.xml
Loading package from C:/Xilinx/14.7/ISE_DS/PlanAhead/data\parts/xilinx/spartan3/spartan3/xc3s200/tq144/Package.xml
Loading io standards from C:/Xilinx/14.7/ISE_DS/PlanAhead/data\./parts/xilinx/spartan3/IOStandards.xml
INFO: [Device 21-19] Loading pkg sso from C:/Xilinx/14.7/ISE_DS/PlanAhead/data\parts/xilinx/spartan3/spartan3/xc3s200/tq144/SSORules.xml
Loading list of drcs for the architecture : C:/Xilinx/14.7/ISE_DS/PlanAhead/data\./parts/xilinx/spartan3/drc.xml
INFO: [Timing 38-77] Reading timing library C:/Xilinx/14.7/ISE_DS/PlanAhead/data\parts/xilinx/spartan3/spartan3/spartan3-4.lib.
INFO: [Timing 38-34] Done reading timing library C:/Xilinx/14.7/ISE_DS/PlanAhead/data\parts/xilinx/spartan3/spartan3/spartan3-4.lib.
Parsing UCF File [C:/Users/Oak/Documents/Xilinx ISE Workspace/MiniDesignChallenge/MainModule.ucf]
Finished Parsing UCF File [C:/Users/Oak/Documents/Xilinx ISE Workspace/MiniDesignChallenge/MainModule.ucf]
INFO: [Project 1-111] Unisim Transformation Summary:
No Unisim elements were transformed.

Phase 0 | Netlist Checksum: 0bf54ecf
link_design: Time (s): elapsed = 00:00:22 . Memory (MB): peak = 483.211 ; gain = 68.363
set_property package_pin "" [get_ports [list  {DipSW[7]}]]
startgroup
set_property package_pin P52 [get_ports {DipSW[7]}]
endgroup
startgroup
set_property package_pin P53 [get_ports {DipSW[6]}]
endgroup
startgroup
set_property package_pin P55 [get_ports {DipSW[5]}]
endgroup
startgroup
set_property package_pin P56 [get_ports {DipSW[4]}]
endgroup
startgroup
set_property package_pin P59 [get_ports {DipSW[3]}]
endgroup
startgroup
set_property package_pin P60 [get_ports {DipSW[2]}]
endgroup
startgroup
set_property package_pin P63 [get_ports {DipSW[1]}]
endgroup
startgroup
set_property package_pin P68 [get_ports {DipSW[0]}]
endgroup
startgroup
set_property package_pin P132 [get_ports RX]
endgroup
startgroup
set_property package_pin P127 [get_ports SysClk]
endgroup
startgroup
set_property package_pin P44 [get_ports SysRstB]
endgroup
startgroup
set_property package_pin P131 [get_ports TX]
endgroup
save_constraints
exit
ERROR: [PlanAhead 12-106] *** Exception: ui.h.b: Found deleted key in HTclEventBroker. Verify if the classes listed here call cleanup()
HTclEvent: SIGNAL_BUS_MODIFY   Classes: ui.views.aR 
HTclEvent: SIGNAL_MODIFY   Classes: ui.views.aR 
HTclEvent: DEBUG_CORE_CONFIG_CHANGE   Classes: ui.views.aR 
HTclEvent: DEBUG_PORT_CONFIG_CHANGE   Classes: ui.views.aR 
 (See C:/Users/Oak/Documents/Xilinx ISE Workspace/MiniDesignChallenge\planAhead_pid2804.debug)
ERROR: [Common 17-39] 'stop_gui' failed due to earlier errors.
INFO: [Common 17-206] Exiting PlanAhead at Wed Jan 18 11:08:50 2017...
INFO: [Common 17-83] Releasing license: PlanAhead
