#-----------------------------------------------------------
# PlanAhead v14.7
# Build 321239 by xbuild on Fri Sep 27 19:31:35 MDT 2013
# Start of session at: Sat Nov 19 20:57:47 2016
# Process ID: 4812
# Log file: C:/Users/noraw/Documents/VHDL/MiniProj/planAhead_run_1/planAhead.log
# Journal file: C:/Users/noraw/Documents/VHDL/MiniProj/planAhead_run_1/planAhead.jou
#-----------------------------------------------------------
INFO: [Common 17-78] Attempting to get a license: PlanAhead
INFO: [Common 17-290] Got license for PlanAhead
INFO: [Device 21-36] Loading parts and site information from C:/Xilinx/14.7/ISE_DS/PlanAhead/data/parts/arch.xml
Parsing RTL primitives file [C:/Xilinx/14.7/ISE_DS/PlanAhead/data/parts/xilinx/rtl/prims/rtl_prims.xml]
Finished parsing RTL primitives file [C:/Xilinx/14.7/ISE_DS/PlanAhead/data/parts/xilinx/rtl/prims/rtl_prims.xml]
start_gui
source C:/Users/noraw/Documents/VHDL/MiniProj/pa.fromNetlist.tcl
# create_project -name MiniProj -dir "C:/Users/noraw/Documents/VHDL/MiniProj/planAhead_run_1" -part xc3s200tq144-4
# set_property design_mode GateLvl [get_property srcset [current_run -impl]]
# set_property edif_top_file "C:/Users/noraw/Documents/VHDL/MiniProj/Segment.ngc" [ get_property srcset [ current_run ] ]
# add_files -norecurse { {C:/Users/noraw/Documents/VHDL/MiniProj} }
# set_property target_constrs_file "Segment.ucf" [current_fileset -constrset]
Adding file 'C:/Users/noraw/Documents/VHDL/MiniProj/Segment.ucf' to fileset 'constrs_1'
# add_files [list {Segment.ucf}] -fileset [get_property constrset [current_run]]
# link_design
Design is defaulting to srcset: sources_1
Design is defaulting to constrset: constrs_1
Design is defaulting to project part: xc3s200tq144-4
Release 14.7 - ngc2edif P.20131013 (nt)
Copyright (c) 1995-2013 Xilinx, Inc.  All rights reserved.

Release 14.7 - ngc2edif P.20131013 (nt)
Copyright (c) 1995-2013 Xilinx, Inc.  All rights reserved.
Reading design Segment.ngc ...
WARNING:NetListWriters:298 - No output is written to Segment.xncf, ignored.
Processing design ...
   Preping design's networks ...
   Preping design's macros ...
  finished :Prep
Writing EDIF netlist file Segment.edif ...
ngc2edif: Total memory usage is 77372 kilobytes

Parsing EDIF File [./planAhead_run_1/MiniProj.data/cache/Segment_ngc_zx.edif]
Finished Parsing EDIF File [./planAhead_run_1/MiniProj.data/cache/Segment_ngc_zx.edif]
INFO: [Designutils 20-910] Reading macro library C:/Xilinx/14.7/ISE_DS/PlanAhead/data\./parts/xilinx/spartan3/hd_int_macros.edn
Parsing EDIF File [C:/Xilinx/14.7/ISE_DS/PlanAhead/data\./parts/xilinx/spartan3/hd_int_macros.edn]
Finished Parsing EDIF File [C:/Xilinx/14.7/ISE_DS/PlanAhead/data\./parts/xilinx/spartan3/hd_int_macros.edn]
Loading clock regions from C:/Xilinx/14.7/ISE_DS/PlanAhead/data\parts/xilinx/spartan3/spartan3/xc3s200/ClockRegion.xml
Loading clock buffers from C:/Xilinx/14.7/ISE_DS/PlanAhead/data\parts/xilinx/spartan3/spartan3/xc3s200/ClockBuffers.xml
Loading package from C:/Xilinx/14.7/ISE_DS/PlanAhead/data\parts/xilinx/spartan3/spartan3/xc3s200/tq144/Package.xml
Loading io standards from C:/Xilinx/14.7/ISE_DS/PlanAhead/data\./parts/xilinx/spartan3/IOStandards.xml
INFO: [Device 21-19] Loading pkg sso from C:/Xilinx/14.7/ISE_DS/PlanAhead/data\parts/xilinx/spartan3/spartan3/xc3s200/tq144/SSORules.xml
Loading list of drcs for the architecture : C:/Xilinx/14.7/ISE_DS/PlanAhead/data\./parts/xilinx/spartan3/drc.xml
INFO: [Timing 38-77] Reading timing library C:/Xilinx/14.7/ISE_DS/PlanAhead/data\parts/xilinx/spartan3/spartan3/spartan3-4.lib.
INFO: [Timing 38-34] Done reading timing library C:/Xilinx/14.7/ISE_DS/PlanAhead/data\parts/xilinx/spartan3/spartan3/spartan3-4.lib.
Parsing UCF File [C:/Users/noraw/Documents/VHDL/MiniProj/Segment.ucf]
Finished Parsing UCF File [C:/Users/noraw/Documents/VHDL/MiniProj/Segment.ucf]
INFO: [Project 1-111] Unisim Transformation Summary:
No Unisim elements were transformed.

Phase 0 | Netlist Checksum: 3e3f2204
link_design: Time (s): elapsed = 00:00:08 . Memory (MB): peak = 458.875 ; gain = 59.129
startgroup
set_property package_pin P70 [get_ports {Segments[6]}]
endgroup
startgroup
set_property package_pin P77 [get_ports {Segments[5]}]
endgroup
startgroup
set_property package_pin P70 [get_ports {Segments[6]}]
endgroup
startgroup
set_property package_pin P78 [get_ports {Segments[6]}]
endgroup
startgroup
set_property package_pin P73 [get_ports {Segments[5]}]
endgroup
startgroup
set_property package_pin P79 [get_ports {Segments[4]}]
endgroup
startgroup
set_property package_pin P74 [get_ports {Segments[3]}]
endgroup
startgroup
set_property package_pin P76 [get_ports {Segments[2]}]
endgroup
startgroup
set_property package_pin P69 [get_ports {Segments[1]}]
endgroup
set_property package_pin "" [get_ports [list  {Segments[0]}]]
startgroup
set_property package_pin P23 [get_ports {Segments[6]}]
endgroup
startgroup
set_property package_pin P25 [get_ports {Segments[5]}]
endgroup
startgroup
set_property package_pin P27 [get_ports {Segments[4]}]
endgroup
startgroup
set_property package_pin P30 [get_ports {Segments[3]}]
endgroup
startgroup
set_property package_pin P32 [get_ports {Segments[2]}]
endgroup
startgroup
set_property package_pin P35 [get_ports {Segments[1]}]
endgroup
startgroup
set_property package_pin P40 [get_ports {Segments[0]}]
endgroup
startgroup
set_property package_pin P31 [get_ports d0]
endgroup
startgroup
set_property package_pin P33 [get_ports d1]
endgroup
startgroup
set_property package_pin P36 [get_ports d2]
endgroup
startgroup
set_property package_pin P41 [get_ports d3]
endgroup
save_constraints
refresh_design
Release 14.7 - ngc2edif P.20131013 (nt)
Copyright (c) 1995-2013 Xilinx, Inc.  All rights reserved.

Release 14.7 - ngc2edif P.20131013 (nt)
Copyright (c) 1995-2013 Xilinx, Inc.  All rights reserved.
Reading design Segment.ngc ...
WARNING:NetListWriters:298 - No output is written to Segment.xncf, ignored.
Processing design ...
   Preping design's networks ...
   Preping design's macros ...
  finished :Prep
Writing EDIF netlist file Segment.edif ...
ngc2edif: Total memory usage is 76660 kilobytes

Parsing EDIF File [./planAhead_run_1/MiniProj.data/cache/Segment_ngc_zx.edif]
Finished Parsing EDIF File [./planAhead_run_1/MiniProj.data/cache/Segment_ngc_zx.edif]
INFO: [Designutils 20-910] Reading macro library C:/Xilinx/14.7/ISE_DS/PlanAhead/data\./parts/xilinx/spartan3/hd_int_macros.edn
Parsing EDIF File [C:/Xilinx/14.7/ISE_DS/PlanAhead/data\./parts/xilinx/spartan3/hd_int_macros.edn]
Finished Parsing EDIF File [C:/Xilinx/14.7/ISE_DS/PlanAhead/data\./parts/xilinx/spartan3/hd_int_macros.edn]
INFO: [Timing 38-77] Reading timing library C:/Xilinx/14.7/ISE_DS/PlanAhead/data\parts/xilinx/spartan3/spartan3/spartan3-4.lib.
INFO: [Timing 38-34] Done reading timing library C:/Xilinx/14.7/ISE_DS/PlanAhead/data\parts/xilinx/spartan3/spartan3/spartan3-4.lib.
Parsing UCF File [C:/Users/noraw/Documents/VHDL/MiniProj/Segment.ucf]
Finished Parsing UCF File [C:/Users/noraw/Documents/VHDL/MiniProj/Segment.ucf]
startgroup
set_property package_pin P127 [get_ports clk]
endgroup
set_property package_pin "" [get_ports [list  {bcd[3]}]]
startgroup
set_property package_pin P44 [get_ports {bcd[0]}]
endgroup
startgroup
set_property package_pin P46 [get_ports {bcd[1]}]
endgroup
startgroup
set_property package_pin P47 [get_ports {bcd[2]}]
endgroup
startgroup
set_property package_pin P50 [get_ports {bcd[3]}]
endgroup
save_constraints
startgroup
set_property package_pin P23 [get_ports {Segments[6]}]
endgroup
startgroup
set_property package_pin P25 [get_ports {Segments[5]}]
endgroup
set_property package_pin "" [get_ports [list  {Segments[6]}]]
set_property package_pin "" [get_ports [list  {Segments[5]}]]
set_property package_pin "" [get_ports [list  {Segments[4]}]]
set_property package_pin "" [get_ports [list  {Segments[3]}]]
set_property package_pin "" [get_ports [list  {Segments[2]}]]
set_property package_pin "" [get_ports [list  {Segments[1]}]]
set_property package_pin "" [get_ports [list  {Segments[0]}]]
startgroup
set_property package_pin P40 [get_ports {Segments[6]}]
endgroup
startgroup
set_property package_pin P35 [get_ports {Segments[5]}]
endgroup
startgroup
set_property package_pin P32 [get_ports {Segments[4]}]
endgroup
startgroup
set_property package_pin P30 [get_ports {Segments[3]}]
endgroup
startgroup
set_property package_pin P27 [get_ports {Segments[2]}]
endgroup
startgroup
set_property package_pin P25 [get_ports {Segments[1]}]
endgroup
save_constraints
startgroup
set_property package_pin P23 [get_ports {Segments[0]}]
endgroup
save_constraints
