Release 14.7 - ngc2edif P.20131013 (nt)
Copyright (c) 1995-2013 Xilinx, Inc.  All rights reserved.
Reading design PWM.ngc ...
WARNING:NetListWriters:298 - No output is written to PWM.xncf, ignored.
Processing design ...
   Preping design's networks ...
   Preping design's macros ...
  finished :Prep
Writing EDIF netlist file PWM.edif ...
ngc2edif: Total memory usage is 76920 kilobytes

Release 14.7 - ngc2edif P.20131013 (nt)
Copyright (c) 1995-2013 Xilinx, Inc.  All rights reserved.
Reading design PWM.ngc ...
WARNING:NetListWriters:298 - No output is written to PWM.xncf, ignored.
Processing design ...
   Preping design's networks ...
   Preping design's macros ...
  finished :Prep
Writing EDIF netlist file PWM.edif ...
ngc2edif: Total memory usage is 76664 kilobytes

Release 14.7 - ngc2edif P.20131013 (nt)
Copyright (c) 1995-2013 Xilinx, Inc.  All rights reserved.
Reading design LEDSine.ngc ...
WARNING:NetListWriters:298 - No output is written to LEDSine.xncf, ignored.
Processing design ...
   Preping design's networks ...
   Preping design's macros ...
WARNING:NetListWriters:306 - Signal bus
   u_Sine_ClkPerTick_Decoder/Sine_ClkPerTick<18 : 0> on block LEDSine is not
   reconstructed, because there are some missing bus signals.
  finished :Prep
Writing EDIF netlist file LEDSine.edif ...
ngc2edif: Total memory usage is 84504 kilobytes

