Release 14.7 - xst P.20131013 (nt64)
Copyright (c) 1995-2013 Xilinx, Inc.  All rights reserved.
--> Parameter TMPDIR set to xst/projnav.tmp


Total REAL time to Xst completion: 1.00 secs
Total CPU time to Xst completion: 1.03 secs
 
--> Parameter xsthdpdir set to xst


Total REAL time to Xst completion: 1.00 secs
Total CPU time to Xst completion: 1.03 secs
 
--> Reading design: PWM.prj

TABLE OF CONTENTS
  1) Synthesis Options Summary
  2) HDL Compilation
  3) Design Hierarchy Analysis
  4) HDL Analysis
  5) HDL Synthesis
     5.1) HDL Synthesis Report
  6) Advanced HDL Synthesis
     6.1) Advanced HDL Synthesis Report
  7) Low Level Synthesis
  8) Partition Report
  9) Final Report
	9.1) Device utilization summary
	9.2) Partition Resource Summary
	9.3) TIMING REPORT


=========================================================================
*                      Synthesis Options Summary                        *
=========================================================================
---- Source Parameters
Input File Name                    : "PWM.prj"
Input Format                       : mixed
Ignore Synthesis Constraint File   : NO

---- Target Parameters
Output File Name                   : "PWM"
Output Format                      : NGC
Target Device                      : xc3s200-4-tq144

---- Source Options
Top Module Name                    : PWM
Automatic FSM Extraction           : YES
FSM Encoding Algorithm             : Auto
Safe Implementation                : No
FSM Style                          : LUT
RAM Extraction                     : Yes
RAM Style                          : Auto
ROM Extraction                     : Yes
Mux Style                          : Auto
Decoder Extraction                 : YES
Priority Encoder Extraction        : Yes
Shift Register Extraction          : YES
Logical Shifter Extraction         : YES
XOR Collapsing                     : YES
ROM Style                          : Auto
Mux Extraction                     : Yes
Resource Sharing                   : YES
Asynchronous To Synchronous        : NO
Multiplier Style                   : Auto
Automatic Register Balancing       : No

---- Target Options
Add IO Buffers                     : YES
Global Maximum Fanout              : 100000
Add Generic Clock Buffer(BUFG)     : 8
Register Duplication               : YES
Slice Packing                      : YES
Optimize Instantiated Primitives   : NO
Use Clock Enable                   : Yes
Use Synchronous Set                : Yes
Use Synchronous Reset              : Yes
Pack IO Registers into IOBs        : Auto
Equivalent register Removal        : YES

---- General Options
Optimization Goal                  : Speed
Optimization Effort                : 1
Keep Hierarchy                     : No
Netlist Hierarchy                  : As_Optimized
RTL Output                         : Yes
Global Optimization                : AllClockNets
Read Cores                         : YES
Write Timing Constraints           : NO
Cross Clock Analysis               : NO
Hierarchy Separator                : /
Bus Delimiter                      : <>
Case Specifier                     : Maintain
Slice Utilization Ratio            : 100
BRAM Utilization Ratio             : 100
Verilog 2001                       : YES
Auto BRAM Packing                  : NO
Slice Utilization Ratio Delta      : 5

=========================================================================


=========================================================================
*                          HDL Compilation                              *
=========================================================================
Compiling vhdl file "C:/Users/Oak/Documents/Xilinx ISE Workspace/PWM/PWM.vhd" in Library work.
Architecture behavioral of Entity pwm is up to date.

=========================================================================
*                     Design Hierarchy Analysis                         *
=========================================================================
Analyzing hierarchy for entity <PWM> in library <work> (architecture <behavioral>).


=========================================================================
*                            HDL Analysis                               *
=========================================================================
Analyzing Entity <PWM> in library <work> (Architecture <behavioral>).
Entity <PWM> analyzed. Unit <PWM> generated.


=========================================================================
*                           HDL Synthesis                               *
=========================================================================

Performing bidirectional port resolution...

Synthesizing Unit <PWM>.
    Related source file is "C:/Users/Oak/Documents/Xilinx ISE Workspace/PWM/PWM.vhd".
    Found 1-bit register for signal <LED>.
    Found 8-bit comparator greater for signal <LED$cmp_gt0000> created at line 58.
    Found 8-bit up counter for signal <PWMCount>.
    Found 8-bit adder for signal <PWMCount$add0000> created at line 57.
    Summary:
	inferred   1 Counter(s).
	inferred   1 D-type flip-flop(s).
	inferred   1 Adder/Subtractor(s).
	inferred   1 Comparator(s).
Unit <PWM> synthesized.


=========================================================================
HDL Synthesis Report

Macro Statistics
# Adders/Subtractors                                   : 1
 8-bit adder                                           : 1
# Counters                                             : 1
 8-bit up counter                                      : 1
# Registers                                            : 1
 1-bit register                                        : 1
# Comparators                                          : 1
 8-bit comparator greater                              : 1

=========================================================================

=========================================================================
*                       Advanced HDL Synthesis                          *
=========================================================================


=========================================================================
Advanced HDL Synthesis Report

Macro Statistics
# Adders/Subtractors                                   : 1
 8-bit adder                                           : 1
# Counters                                             : 1
 8-bit up counter                                      : 1
# Registers                                            : 1
 Flip-Flops                                            : 1
# Comparators                                          : 1
 8-bit comparator greater                              : 1

=========================================================================

=========================================================================
*                         Low Level Synthesis                           *
=========================================================================

Optimizing unit <PWM> ...

Mapping all equations...
Building and optimizing final netlist ...
Found area constraint ratio of 100 (+ 5) on block PWM, actual ratio is 0.

Final Macro Processing ...

=========================================================================
Final Register Report

Macro Statistics
# Registers                                            : 9
 Flip-Flops                                            : 9

=========================================================================

=========================================================================
*                           Partition Report                            *
=========================================================================

Partition Implementation Status
-------------------------------

  No Partitions were found in this design.

-------------------------------

=========================================================================
*                            Final Report                               *
=========================================================================
Final Results
RTL Top Level Output File Name     : PWM.ngr
Top Level Output File Name         : PWM
Output Format                      : NGC
Optimization Goal                  : Speed
Keep Hierarchy                     : No

Design Statistics
# IOs                              : 11

Cell Usage :
# BELS                             : 52
#      GND                         : 1
#      INV                         : 1
#      LUT1                        : 7
#      LUT2                        : 5
#      LUT3                        : 3
#      LUT3_L                      : 1
#      LUT4                        : 8
#      LUT4_D                      : 1
#      LUT4_L                      : 1
#      MUXCY                       : 15
#      VCC                         : 1
#      XORCY                       : 8
# FlipFlops/Latches                : 9
#      FDR                         : 9
# Clock Buffers                    : 1
#      BUFGP                       : 1
# IO Buffers                       : 10
#      IBUF                        : 9
#      OBUF                        : 1
=========================================================================

Device utilization summary:
---------------------------

Selected Device : 3s200tq144-4 

 Number of Slices:                       15  out of   1920     0%  
 Number of Slice Flip Flops:              9  out of   3840     0%  
 Number of 4 input LUTs:                 27  out of   3840     0%  
 Number of IOs:                          11
 Number of bonded IOBs:                  11  out of     97    11%  
 Number of GCLKs:                         1  out of      8    12%  

---------------------------
Partition Resource Summary:
---------------------------

  No Partitions were found in this design.

---------------------------


=========================================================================
TIMING REPORT

NOTE: THESE TIMING NUMBERS ARE ONLY A SYNTHESIS ESTIMATE.
      FOR ACCURATE TIMING INFORMATION PLEASE REFER TO THE TRACE REPORT
      GENERATED AFTER PLACE-and-ROUTE.

Clock Information:
------------------
-----------------------------------+------------------------+-------+
Clock Signal                       | Clock buffer(FF name)  | Load  |
-----------------------------------+------------------------+-------+
Clk                                | BUFGP                  | 9     |
-----------------------------------+------------------------+-------+

Asynchronous Control Signals Information:
----------------------------------------
No asynchronous control signals found in this design

Timing Summary:
---------------
Speed Grade: -4

   Minimum period: 8.443ns (Maximum Frequency: 118.441MHz)
   Minimum input arrival time before clock: 7.073ns
   Maximum output required time after clock: 7.165ns
   Maximum combinational path delay: No path found

Timing Detail:
--------------
All values displayed in nanoseconds (ns)

=========================================================================
Timing constraint: Default period analysis for Clock 'Clk'
  Clock period: 8.443ns (frequency: 118.441MHz)
  Total number of paths / destination ports: 240 / 17
-------------------------------------------------------------------------
Delay:               8.443ns (Levels of Logic = 8)
  Source:            PWMCount_3 (FF)
  Destination:       LED (FF)
  Source Clock:      Clk rising
  Destination Clock: Clk rising

  Data Path: PWMCount_3 to LED
                                Gate     Net
    Cell:in->out      fanout   Delay   Delay  Logical Name (Net Name)
    ----------------------------------------  ------------
     FDR:C->Q              4   0.720   1.256  PWMCount_3 (PWMCount_3)
     LUT4:I0->O            1   0.551   0.996  Madd_PWMCount_add0000_xor<3>11 (PWMCount_add0000<3>)
     LUT2:I1->O            1   0.551   0.000  Mcompar_LED_cmp_gt0000_lut<3> (Mcompar_LED_cmp_gt0000_lut<3>)
     MUXCY:S->O            1   0.500   0.000  Mcompar_LED_cmp_gt0000_cy<3> (Mcompar_LED_cmp_gt0000_cy<3>)
     MUXCY:CI->O           1   0.064   0.000  Mcompar_LED_cmp_gt0000_cy<4> (Mcompar_LED_cmp_gt0000_cy<4>)
     MUXCY:CI->O           1   0.064   0.000  Mcompar_LED_cmp_gt0000_cy<5> (Mcompar_LED_cmp_gt0000_cy<5>)
     MUXCY:CI->O           1   0.064   0.000  Mcompar_LED_cmp_gt0000_cy<6> (Mcompar_LED_cmp_gt0000_cy<6>)
     MUXCY:CI->O           1   0.303   0.996  Mcompar_LED_cmp_gt0000_cy<7> (Mcompar_LED_cmp_gt0000_cy<7>)
     LUT2:I1->O            1   0.551   0.801  LED_or00001 (LED_or0000)
     FDR:R                     1.026          LED
    ----------------------------------------
    Total                      8.443ns (4.394ns logic, 4.049ns route)
                                       (52.0% logic, 48.0% route)

=========================================================================
Timing constraint: Default OFFSET IN BEFORE for Clock 'Clk'
  Total number of paths / destination ports: 25 / 9
-------------------------------------------------------------------------
Offset:              7.073ns (Levels of Logic = 11)
  Source:            PWM<0> (PAD)
  Destination:       LED (FF)
  Destination Clock: Clk rising

  Data Path: PWM<0> to LED
                                Gate     Net
    Cell:in->out      fanout   Delay   Delay  Logical Name (Net Name)
    ----------------------------------------  ------------
     IBUF:I->O             1   0.821   1.140  PWM_0_IBUF (PWM_0_IBUF)
     LUT2:I0->O            1   0.551   0.000  Mcompar_LED_cmp_gt0000_lut<0> (Mcompar_LED_cmp_gt0000_lut<0>)
     MUXCY:S->O            1   0.500   0.000  Mcompar_LED_cmp_gt0000_cy<0> (Mcompar_LED_cmp_gt0000_cy<0>)
     MUXCY:CI->O           1   0.064   0.000  Mcompar_LED_cmp_gt0000_cy<1> (Mcompar_LED_cmp_gt0000_cy<1>)
     MUXCY:CI->O           1   0.064   0.000  Mcompar_LED_cmp_gt0000_cy<2> (Mcompar_LED_cmp_gt0000_cy<2>)
     MUXCY:CI->O           1   0.064   0.000  Mcompar_LED_cmp_gt0000_cy<3> (Mcompar_LED_cmp_gt0000_cy<3>)
     MUXCY:CI->O           1   0.064   0.000  Mcompar_LED_cmp_gt0000_cy<4> (Mcompar_LED_cmp_gt0000_cy<4>)
     MUXCY:CI->O           1   0.064   0.000  Mcompar_LED_cmp_gt0000_cy<5> (Mcompar_LED_cmp_gt0000_cy<5>)
     MUXCY:CI->O           1   0.064   0.000  Mcompar_LED_cmp_gt0000_cy<6> (Mcompar_LED_cmp_gt0000_cy<6>)
     MUXCY:CI->O           1   0.303   0.996  Mcompar_LED_cmp_gt0000_cy<7> (Mcompar_LED_cmp_gt0000_cy<7>)
     LUT2:I1->O            1   0.551   0.801  LED_or00001 (LED_or0000)
     FDR:R                     1.026          LED
    ----------------------------------------
    Total                      7.073ns (4.136ns logic, 2.937ns route)
                                       (58.5% logic, 41.5% route)

=========================================================================
Timing constraint: Default OFFSET OUT AFTER for Clock 'Clk'
  Total number of paths / destination ports: 1 / 1
-------------------------------------------------------------------------
Offset:              7.165ns (Levels of Logic = 1)
  Source:            LED (FF)
  Destination:       LED (PAD)
  Source Clock:      Clk rising

  Data Path: LED to LED
                                Gate     Net
    Cell:in->out      fanout   Delay   Delay  Logical Name (Net Name)
    ----------------------------------------  ------------
     FDR:C->Q              1   0.720   0.801  LED (LED_OBUF)
     OBUF:I->O                 5.644          LED_OBUF (LED)
    ----------------------------------------
    Total                      7.165ns (6.364ns logic, 0.801ns route)
                                       (88.8% logic, 11.2% route)

=========================================================================


Total REAL time to Xst completion: 17.00 secs
Total CPU time to Xst completion: 16.53 secs
 
--> 

Total memory usage is 294536 kilobytes

Number of errors   :    0 (   0 filtered)
Number of warnings :    0 (   0 filtered)
Number of infos    :    0 (   0 filtered)

