Release 14.7 - xst P.20131013 (nt64)
Copyright (c) 1995-2013 Xilinx, Inc.  All rights reserved.
--> Parameter TMPDIR set to xst/projnav.tmp


Total REAL time to Xst completion: 1.00 secs
Total CPU time to Xst completion: 0.11 secs
 
--> Parameter xsthdpdir set to xst


Total REAL time to Xst completion: 1.00 secs
Total CPU time to Xst completion: 0.11 secs
 
--> Reading design: Sine_Delayer.prj

TABLE OF CONTENTS
  1) Synthesis Options Summary
  2) HDL Compilation
  3) Design Hierarchy Analysis
  4) HDL Analysis
  5) HDL Synthesis
     5.1) HDL Synthesis Report
  6) Advanced HDL Synthesis
     6.1) Advanced HDL Synthesis Report
  7) Low Level Synthesis
  8) Partition Report
  9) Final Report
	9.1) Device utilization summary
	9.2) Partition Resource Summary
	9.3) TIMING REPORT


=========================================================================
*                      Synthesis Options Summary                        *
=========================================================================
---- Source Parameters
Input File Name                    : "Sine_Delayer.prj"
Input Format                       : mixed
Ignore Synthesis Constraint File   : NO

---- Target Parameters
Output File Name                   : "Sine_Delayer"
Output Format                      : NGC
Target Device                      : xc3s200-4-tq144

---- Source Options
Top Module Name                    : Sine_Delayer
Automatic FSM Extraction           : YES
FSM Encoding Algorithm             : Auto
Safe Implementation                : No
FSM Style                          : LUT
RAM Extraction                     : Yes
RAM Style                          : Auto
ROM Extraction                     : Yes
Mux Style                          : Auto
Decoder Extraction                 : YES
Priority Encoder Extraction        : Yes
Shift Register Extraction          : YES
Logical Shifter Extraction         : YES
XOR Collapsing                     : YES
ROM Style                          : Auto
Mux Extraction                     : Yes
Resource Sharing                   : YES
Asynchronous To Synchronous        : NO
Multiplier Style                   : Auto
Automatic Register Balancing       : No

---- Target Options
Add IO Buffers                     : YES
Global Maximum Fanout              : 100000
Add Generic Clock Buffer(BUFG)     : 8
Register Duplication               : YES
Slice Packing                      : YES
Optimize Instantiated Primitives   : NO
Use Clock Enable                   : Yes
Use Synchronous Set                : Yes
Use Synchronous Reset              : Yes
Pack IO Registers into IOBs        : Auto
Equivalent register Removal        : YES

---- General Options
Optimization Goal                  : Speed
Optimization Effort                : 1
Keep Hierarchy                     : No
Netlist Hierarchy                  : As_Optimized
RTL Output                         : Yes
Global Optimization                : AllClockNets
Read Cores                         : YES
Write Timing Constraints           : NO
Cross Clock Analysis               : NO
Hierarchy Separator                : /
Bus Delimiter                      : <>
Case Specifier                     : Maintain
Slice Utilization Ratio            : 100
BRAM Utilization Ratio             : 100
Verilog 2001                       : YES
Auto BRAM Packing                  : NO
Slice Utilization Ratio Delta      : 5

=========================================================================


=========================================================================
*                          HDL Compilation                              *
=========================================================================
Compiling vhdl file "C:/Users/noraw/Documents/VHDL/PWM/Sine_Delayer.vhd" in Library work.
Entity <sine_delayer> compiled.
Entity <sine_delayer> (Architecture <behavioral>) compiled.

=========================================================================
*                     Design Hierarchy Analysis                         *
=========================================================================
Analyzing hierarchy for entity <Sine_Delayer> in library <work> (architecture <behavioral>).


=========================================================================
*                            HDL Analysis                               *
=========================================================================
Analyzing Entity <Sine_Delayer> in library <work> (Architecture <behavioral>).
Entity <Sine_Delayer> analyzed. Unit <Sine_Delayer> generated.


=========================================================================
*                           HDL Synthesis                               *
=========================================================================

Performing bidirectional port resolution...

Synthesizing Unit <Sine_Delayer>.
    Related source file is "C:/Users/noraw/Documents/VHDL/PWM/Sine_Delayer.vhd".
    Found 24-bit up counter for signal <ClkCounter>.
    Found 24-bit comparator equal for signal <ClkCounter$cmp_eq0000> created at line 68.
    Found 3-bit comparator not equal for signal <ClkCounter$cmp_ne0000> created at line 65.
    Found 3-bit up counter for signal <NumberCounter>.
    Found 3-bit comparator equal for signal <NumberCounter$cmp_eq0000> created at line 65.
    Found 24-bit comparator not equal for signal <NumberCounter$cmp_ne0000> created at line 68.
    Found 1-bit register for signal <OutEnbBuffer>.
    Summary:
	inferred   2 Counter(s).
	inferred   1 D-type flip-flop(s).
	inferred   4 Comparator(s).
Unit <Sine_Delayer> synthesized.


=========================================================================
HDL Synthesis Report

Macro Statistics
# Counters                                             : 2
 24-bit up counter                                     : 1
 3-bit up counter                                      : 1
# Registers                                            : 1
 1-bit register                                        : 1
# Comparators                                          : 4
 24-bit comparator equal                               : 1
 24-bit comparator not equal                           : 1
 3-bit comparator equal                                : 1
 3-bit comparator not equal                            : 1

=========================================================================

=========================================================================
*                       Advanced HDL Synthesis                          *
=========================================================================


=========================================================================
Advanced HDL Synthesis Report

Macro Statistics
# Counters                                             : 2
 24-bit up counter                                     : 1
 3-bit up counter                                      : 1
# Registers                                            : 1
 Flip-Flops                                            : 1
# Comparators                                          : 4
 24-bit comparator equal                               : 1
 24-bit comparator not equal                           : 1
 3-bit comparator equal                                : 1
 3-bit comparator not equal                            : 1

=========================================================================

=========================================================================
*                         Low Level Synthesis                           *
=========================================================================

Optimizing unit <Sine_Delayer> ...

Mapping all equations...
Building and optimizing final netlist ...
Found area constraint ratio of 100 (+ 5) on block Sine_Delayer, actual ratio is 1.

Final Macro Processing ...

=========================================================================
Final Register Report

Macro Statistics
# Registers                                            : 28
 Flip-Flops                                            : 28

=========================================================================

=========================================================================
*                           Partition Report                            *
=========================================================================

Partition Implementation Status
-------------------------------

  No Partitions were found in this design.

-------------------------------

=========================================================================
*                            Final Report                               *
=========================================================================
Final Results
RTL Top Level Output File Name     : Sine_Delayer.ngr
Top Level Output File Name         : Sine_Delayer
Output Format                      : NGC
Optimization Goal                  : Speed
Keep Hierarchy                     : No

Design Statistics
# IOs                              : 30

Cell Usage :
# BELS                             : 107
#      GND                         : 1
#      INV                         : 3
#      LUT1                        : 23
#      LUT2                        : 1
#      LUT3                        : 2
#      LUT3_D                      : 1
#      LUT4                        : 15
#      LUT4_D                      : 1
#      MUXCY                       : 35
#      VCC                         : 1
#      XORCY                       : 24
# FlipFlops/Latches                : 28
#      FDRE                        : 28
# Clock Buffers                    : 1
#      BUFGP                       : 1
# IO Buffers                       : 29
#      IBUF                        : 28
#      OBUF                        : 1
=========================================================================

Device utilization summary:
---------------------------

Selected Device : 3s200tq144-4 

 Number of Slices:                       23  out of   1920     1%  
 Number of Slice Flip Flops:             28  out of   3840     0%  
 Number of 4 input LUTs:                 46  out of   3840     1%  
 Number of IOs:                          30
 Number of bonded IOBs:                  30  out of     97    30%  
 Number of GCLKs:                         1  out of      8    12%  

---------------------------
Partition Resource Summary:
---------------------------

  No Partitions were found in this design.

---------------------------


=========================================================================
TIMING REPORT

NOTE: THESE TIMING NUMBERS ARE ONLY A SYNTHESIS ESTIMATE.
      FOR ACCURATE TIMING INFORMATION PLEASE REFER TO THE TRACE REPORT
      GENERATED AFTER PLACE-and-ROUTE.

Clock Information:
------------------
-----------------------------------+------------------------+-------+
Clock Signal                       | Clock buffer(FF name)  | Load  |
-----------------------------------+------------------------+-------+
Clk                                | BUFGP                  | 28    |
-----------------------------------+------------------------+-------+

Asynchronous Control Signals Information:
----------------------------------------
No asynchronous control signals found in this design

Timing Summary:
---------------
Speed Grade: -4

   Minimum period: 7.978ns (Maximum Frequency: 125.345MHz)
   Minimum input arrival time before clock: 8.274ns
   Maximum output required time after clock: 7.285ns
   Maximum combinational path delay: No path found

Timing Detail:
--------------
All values displayed in nanoseconds (ns)

=========================================================================
Timing constraint: Default period analysis for Clock 'Clk'
  Clock period: 7.978ns (frequency: 125.345MHz)
  Total number of paths / destination ports: 1162 / 79
-------------------------------------------------------------------------
Delay:               7.978ns (Levels of Logic = 14)
  Source:            ClkCounter_1 (FF)
  Destination:       ClkCounter_0 (FF)
  Source Clock:      Clk rising
  Destination Clock: Clk rising

  Data Path: ClkCounter_1 to ClkCounter_0
                                Gate     Net
    Cell:in->out      fanout   Delay   Delay  Logical Name (Net Name)
    ----------------------------------------  ------------
     FDRE:C->Q             2   0.720   0.945  ClkCounter_1 (ClkCounter_1)
     LUT4:I2->O            1   0.551   0.000  Mcompar_NumberCounter_cmp_ne0000_lut<0> (Mcompar_NumberCounter_cmp_ne0000_lut<0>)
     MUXCY:S->O            1   0.500   0.000  Mcompar_NumberCounter_cmp_ne0000_cy<0> (Mcompar_NumberCounter_cmp_ne0000_cy<0>)
     MUXCY:CI->O           1   0.064   0.000  Mcompar_NumberCounter_cmp_ne0000_cy<1> (Mcompar_NumberCounter_cmp_ne0000_cy<1>)
     MUXCY:CI->O           1   0.064   0.000  Mcompar_NumberCounter_cmp_ne0000_cy<2> (Mcompar_NumberCounter_cmp_ne0000_cy<2>)
     MUXCY:CI->O           1   0.064   0.000  Mcompar_NumberCounter_cmp_ne0000_cy<3> (Mcompar_NumberCounter_cmp_ne0000_cy<3>)
     MUXCY:CI->O           1   0.064   0.000  Mcompar_NumberCounter_cmp_ne0000_cy<4> (Mcompar_NumberCounter_cmp_ne0000_cy<4>)
     MUXCY:CI->O           1   0.064   0.000  Mcompar_NumberCounter_cmp_ne0000_cy<5> (Mcompar_NumberCounter_cmp_ne0000_cy<5>)
     MUXCY:CI->O           1   0.064   0.000  Mcompar_NumberCounter_cmp_ne0000_cy<6> (Mcompar_NumberCounter_cmp_ne0000_cy<6>)
     MUXCY:CI->O           1   0.064   0.000  Mcompar_NumberCounter_cmp_ne0000_cy<7> (Mcompar_NumberCounter_cmp_ne0000_cy<7>)
     MUXCY:CI->O           1   0.064   0.000  Mcompar_NumberCounter_cmp_ne0000_cy<8> (Mcompar_NumberCounter_cmp_ne0000_cy<8>)
     MUXCY:CI->O           1   0.064   0.000  Mcompar_NumberCounter_cmp_ne0000_cy<9> (Mcompar_NumberCounter_cmp_ne0000_cy<9>)
     MUXCY:CI->O           1   0.064   0.000  Mcompar_NumberCounter_cmp_ne0000_cy<10> (Mcompar_NumberCounter_cmp_ne0000_cy<10>)
     MUXCY:CI->O           2   0.303   0.945  Mcompar_NumberCounter_cmp_ne0000_cy<11> (Mcompar_NumberCounter_cmp_ne0000_cy<11>)
     LUT4:I2->O           24   0.551   1.797  ClkCounter_or00002 (ClkCounter_or0000)
     FDRE:R                    1.026          ClkCounter_0
    ----------------------------------------
    Total                      7.978ns (4.291ns logic, 3.687ns route)
                                       (53.8% logic, 46.2% route)

=========================================================================
Timing constraint: Default OFFSET IN BEFORE for Clock 'Clk'
  Total number of paths / destination ports: 832 / 56
-------------------------------------------------------------------------
Offset:              8.274ns (Levels of Logic = 15)
  Source:            Sine_DelayTime<1> (PAD)
  Destination:       ClkCounter_0 (FF)
  Destination Clock: Clk rising

  Data Path: Sine_DelayTime<1> to ClkCounter_0
                                Gate     Net
    Cell:in->out      fanout   Delay   Delay  Logical Name (Net Name)
    ----------------------------------------  ------------
     IBUF:I->O             1   0.821   1.140  Sine_DelayTime_1_IBUF (Sine_DelayTime_1_IBUF)
     LUT4:I0->O            1   0.551   0.000  Mcompar_NumberCounter_cmp_ne0000_lut<0> (Mcompar_NumberCounter_cmp_ne0000_lut<0>)
     MUXCY:S->O            1   0.500   0.000  Mcompar_NumberCounter_cmp_ne0000_cy<0> (Mcompar_NumberCounter_cmp_ne0000_cy<0>)
     MUXCY:CI->O           1   0.064   0.000  Mcompar_NumberCounter_cmp_ne0000_cy<1> (Mcompar_NumberCounter_cmp_ne0000_cy<1>)
     MUXCY:CI->O           1   0.064   0.000  Mcompar_NumberCounter_cmp_ne0000_cy<2> (Mcompar_NumberCounter_cmp_ne0000_cy<2>)
     MUXCY:CI->O           1   0.064   0.000  Mcompar_NumberCounter_cmp_ne0000_cy<3> (Mcompar_NumberCounter_cmp_ne0000_cy<3>)
     MUXCY:CI->O           1   0.064   0.000  Mcompar_NumberCounter_cmp_ne0000_cy<4> (Mcompar_NumberCounter_cmp_ne0000_cy<4>)
     MUXCY:CI->O           1   0.064   0.000  Mcompar_NumberCounter_cmp_ne0000_cy<5> (Mcompar_NumberCounter_cmp_ne0000_cy<5>)
     MUXCY:CI->O           1   0.064   0.000  Mcompar_NumberCounter_cmp_ne0000_cy<6> (Mcompar_NumberCounter_cmp_ne0000_cy<6>)
     MUXCY:CI->O           1   0.064   0.000  Mcompar_NumberCounter_cmp_ne0000_cy<7> (Mcompar_NumberCounter_cmp_ne0000_cy<7>)
     MUXCY:CI->O           1   0.064   0.000  Mcompar_NumberCounter_cmp_ne0000_cy<8> (Mcompar_NumberCounter_cmp_ne0000_cy<8>)
     MUXCY:CI->O           1   0.064   0.000  Mcompar_NumberCounter_cmp_ne0000_cy<9> (Mcompar_NumberCounter_cmp_ne0000_cy<9>)
     MUXCY:CI->O           1   0.064   0.000  Mcompar_NumberCounter_cmp_ne0000_cy<10> (Mcompar_NumberCounter_cmp_ne0000_cy<10>)
     MUXCY:CI->O           2   0.303   0.945  Mcompar_NumberCounter_cmp_ne0000_cy<11> (Mcompar_NumberCounter_cmp_ne0000_cy<11>)
     LUT4:I2->O           24   0.551   1.797  ClkCounter_or00002 (ClkCounter_or0000)
     FDRE:R                    1.026          ClkCounter_0
    ----------------------------------------
    Total                      8.274ns (4.392ns logic, 3.882ns route)
                                       (53.1% logic, 46.9% route)

=========================================================================
Timing constraint: Default OFFSET OUT AFTER for Clock 'Clk'
  Total number of paths / destination ports: 1 / 1
-------------------------------------------------------------------------
Offset:              7.285ns (Levels of Logic = 1)
  Source:            OutEnbBuffer (FF)
  Destination:       OutEnb (PAD)
  Source Clock:      Clk rising

  Data Path: OutEnbBuffer to OutEnb
                                Gate     Net
    Cell:in->out      fanout   Delay   Delay  Logical Name (Net Name)
    ----------------------------------------  ------------
     FDRE:C->Q             5   0.720   0.921  OutEnbBuffer (OutEnbBuffer)
     OBUF:I->O                 5.644          OutEnb_OBUF (OutEnb)
    ----------------------------------------
    Total                      7.285ns (6.364ns logic, 0.921ns route)
                                       (87.4% logic, 12.6% route)

=========================================================================


Total REAL time to Xst completion: 6.00 secs
Total CPU time to Xst completion: 5.78 secs
 
--> 

Total memory usage is 305836 kilobytes

Number of errors   :    0 (   0 filtered)
Number of warnings :    0 (   0 filtered)
Number of infos    :    0 (   0 filtered)

