Release 14.7 - xst P.20131013 (nt64)
Copyright (c) 1995-2013 Xilinx, Inc.  All rights reserved.
--> Parameter TMPDIR set to xst/projnav.tmp


Total REAL time to Xst completion: 1.00 secs
Total CPU time to Xst completion: 0.33 secs
 
--> Parameter xsthdpdir set to xst


Total REAL time to Xst completion: 1.00 secs
Total CPU time to Xst completion: 0.33 secs
 
--> Reading design: Sine_Compound.prj

TABLE OF CONTENTS
  1) Synthesis Options Summary
  2) HDL Compilation
  3) Design Hierarchy Analysis
  4) HDL Analysis
  5) HDL Synthesis
     5.1) HDL Synthesis Report
  6) Advanced HDL Synthesis
     6.1) Advanced HDL Synthesis Report
  7) Low Level Synthesis
  8) Partition Report
  9) Final Report
	9.1) Device utilization summary
	9.2) Partition Resource Summary
	9.3) TIMING REPORT


=========================================================================
*                      Synthesis Options Summary                        *
=========================================================================
---- Source Parameters
Input File Name                    : "Sine_Compound.prj"
Input Format                       : mixed
Ignore Synthesis Constraint File   : NO

---- Target Parameters
Output File Name                   : "Sine_Compound"
Output Format                      : NGC
Target Device                      : xc3s200-4-tq144

---- Source Options
Top Module Name                    : Sine_Compound
Automatic FSM Extraction           : YES
FSM Encoding Algorithm             : Auto
Safe Implementation                : No
FSM Style                          : LUT
RAM Extraction                     : Yes
RAM Style                          : Auto
ROM Extraction                     : Yes
Mux Style                          : Auto
Decoder Extraction                 : YES
Priority Encoder Extraction        : Yes
Shift Register Extraction          : YES
Logical Shifter Extraction         : YES
XOR Collapsing                     : YES
ROM Style                          : Auto
Mux Extraction                     : Yes
Resource Sharing                   : YES
Asynchronous To Synchronous        : NO
Multiplier Style                   : Auto
Automatic Register Balancing       : No

---- Target Options
Add IO Buffers                     : YES
Global Maximum Fanout              : 100000
Add Generic Clock Buffer(BUFG)     : 8
Register Duplication               : YES
Slice Packing                      : YES
Optimize Instantiated Primitives   : NO
Use Clock Enable                   : Yes
Use Synchronous Set                : Yes
Use Synchronous Reset              : Yes
Pack IO Registers into IOBs        : Auto
Equivalent register Removal        : YES

---- General Options
Optimization Goal                  : Speed
Optimization Effort                : 1
Keep Hierarchy                     : No
Netlist Hierarchy                  : As_Optimized
RTL Output                         : Yes
Global Optimization                : AllClockNets
Read Cores                         : YES
Write Timing Constraints           : NO
Cross Clock Analysis               : NO
Hierarchy Separator                : /
Bus Delimiter                      : <>
Case Specifier                     : Maintain
Slice Utilization Ratio            : 100
BRAM Utilization Ratio             : 100
Verilog 2001                       : YES
Auto BRAM Packing                  : NO
Slice Utilization Ratio Delta      : 5

=========================================================================


=========================================================================
*                          HDL Compilation                              *
=========================================================================
Compiling vhdl file "C:/Users/Oak/Documents/Xilinx ISE Workspace/PWM/Sine_Delayer.vhd" in Library work.
Architecture behavioral of Entity sine_delayer is up to date.
Compiling vhdl file "C:/Users/Oak/Documents/Xilinx ISE Workspace/PWM/SineGenerator.vhd" in Library work.
Architecture behavioral of Entity sine_generator is up to date.
Compiling vhdl file "C:/Users/Oak/Documents/Xilinx ISE Workspace/PWM/PWM.vhd" in Library work.
Architecture behavioral of Entity pwm is up to date.
Compiling vhdl file "C:/Users/Oak/Documents/Xilinx ISE Workspace/PWM/Sine_Compound.vhd" in Library work.
Entity <sine_compound> compiled.
Entity <sine_compound> (Architecture <behavioral>) compiled.

=========================================================================
*                     Design Hierarchy Analysis                         *
=========================================================================
Analyzing hierarchy for entity <Sine_Compound> in library <work> (architecture <behavioral>).

Analyzing hierarchy for entity <Sine_Delayer> in library <work> (architecture <behavioral>).

Analyzing hierarchy for entity <Sine_Generator> in library <work> (architecture <behavioral>).

Analyzing hierarchy for entity <PWM> in library <work> (architecture <behavioral>).


=========================================================================
*                            HDL Analysis                               *
=========================================================================
Analyzing Entity <Sine_Compound> in library <work> (Architecture <behavioral>).
Entity <Sine_Compound> analyzed. Unit <Sine_Compound> generated.

Analyzing Entity <Sine_Delayer> in library <work> (Architecture <behavioral>).
Entity <Sine_Delayer> analyzed. Unit <Sine_Delayer> generated.

Analyzing Entity <Sine_Generator> in library <work> (Architecture <behavioral>).
INFO:Xst:1561 - "C:/Users/Oak/Documents/Xilinx ISE Workspace/PWM/SineGenerator.vhd" line 314: Mux is complete : default of case is discarded
Entity <Sine_Generator> analyzed. Unit <Sine_Generator> generated.

Analyzing Entity <PWM> in library <work> (Architecture <behavioral>).
Entity <PWM> analyzed. Unit <PWM> generated.


=========================================================================
*                           HDL Synthesis                               *
=========================================================================

Performing bidirectional port resolution...

Synthesizing Unit <Sine_Delayer>.
    Related source file is "C:/Users/Oak/Documents/Xilinx ISE Workspace/PWM/Sine_Delayer.vhd".
    Found 24-bit up counter for signal <ClkCounter>.
    Found 24-bit comparator equal for signal <ClkCounter$cmp_eq0000> created at line 67.
    Found 3-bit up counter for signal <NumberCounter>.
    Found 3-bit comparator equal for signal <NumberCounter$cmp_eq0000> created at line 64.
    Found 24-bit comparator not equal for signal <NumberCounter$cmp_ne0000> created at line 67.
    Found 1-bit register for signal <OutEnbBuffer>.
    Found 3-bit comparator not equal for signal <OutEnbBuffer$cmp_ne0000> created at line 64.
    Summary:
	inferred   2 Counter(s).
	inferred   1 D-type flip-flop(s).
	inferred   4 Comparator(s).
Unit <Sine_Delayer> synthesized.


Synthesizing Unit <Sine_Generator>.
    Related source file is "C:/Users/Oak/Documents/Xilinx ISE Workspace/PWM/SineGenerator.vhd".
    Found 256x8-bit ROM for signal <Sine_Value$mux0001> created at line 58.
    Found 8-bit register for signal <Sine_Value>.
    Found 19-bit up counter for signal <ClkCounter>.
    Found 8-bit up counter for signal <Sine_Position>.
    Found 19-bit comparator equal for signal <Sine_Value$cmp_eq0000> created at line 56.
    Summary:
	inferred   1 ROM(s).
	inferred   2 Counter(s).
	inferred   8 D-type flip-flop(s).
	inferred   1 Comparator(s).
Unit <Sine_Generator> synthesized.


Synthesizing Unit <PWM>.
    Related source file is "C:/Users/Oak/Documents/Xilinx ISE Workspace/PWM/PWM.vhd".
    Found 1-bit register for signal <LED>.
    Found 8-bit comparator greater for signal <LED$cmp_gt0000> created at line 58.
    Found 8-bit up counter for signal <PWMCount>.
    Found 8-bit adder for signal <PWMCount$add0000> created at line 57.
    Summary:
	inferred   1 Counter(s).
	inferred   1 D-type flip-flop(s).
	inferred   1 Adder/Subtractor(s).
	inferred   1 Comparator(s).
Unit <PWM> synthesized.


Synthesizing Unit <Sine_Compound>.
    Related source file is "C:/Users/Oak/Documents/Xilinx ISE Workspace/PWM/Sine_Compound.vhd".
Unit <Sine_Compound> synthesized.


=========================================================================
HDL Synthesis Report

Macro Statistics
# ROMs                                                 : 1
 256x8-bit ROM                                         : 1
# Adders/Subtractors                                   : 1
 8-bit adder                                           : 1
# Counters                                             : 5
 19-bit up counter                                     : 1
 24-bit up counter                                     : 1
 3-bit up counter                                      : 1
 8-bit up counter                                      : 2
# Registers                                            : 3
 1-bit register                                        : 2
 8-bit register                                        : 1
# Comparators                                          : 6
 19-bit comparator equal                               : 1
 24-bit comparator equal                               : 1
 24-bit comparator not equal                           : 1
 3-bit comparator equal                                : 1
 3-bit comparator not equal                            : 1
 8-bit comparator greater                              : 1

=========================================================================

=========================================================================
*                       Advanced HDL Synthesis                          *
=========================================================================


Synthesizing (advanced) Unit <Sine_Generator>.
INFO:Xst:3044 - The ROM <Mrom_Sine_Value_mux0001> will be implemented as a read-only BLOCK RAM, absorbing the register: <Sine_Value>.
INFO:Xst:3225 - The RAM <Mrom_Sine_Value_mux0001> will be implemented as BLOCK RAM
    -----------------------------------------------------------------------
    | ram_type           | Block                               |          |
    -----------------------------------------------------------------------
    | Port A                                                              |
    |     aspect ratio   | 256-word x 8-bit                    |          |
    |     mode           | write-first                         |          |
    |     clkA           | connected to signal <Clk>           | rise     |
    |     enA            | connected to signal <Sine_Value_cmp_eq0000> | high     |
    |     weA            | connected to internal node          | high     |
    |     addrA          | connected to signal <Sine_Position> |          |
    |     diA            | connected to internal node          |          |
    |     doA            | connected to signal <Sine_Value>    |          |
    |     dorstA         | connected to signal <Sine_Value_not0001> | low      |
    | reset value        | 10000000                                       |
    -----------------------------------------------------------------------
    | optimization       | speed                               |          |
    -----------------------------------------------------------------------
Unit <Sine_Generator> synthesized (advanced).

=========================================================================
Advanced HDL Synthesis Report

Macro Statistics
# RAMs                                                 : 1
 256x8-bit single-port block RAM                       : 1
# Adders/Subtractors                                   : 1
 8-bit adder                                           : 1
# Counters                                             : 5
 19-bit up counter                                     : 1
 24-bit up counter                                     : 1
 3-bit up counter                                      : 1
 8-bit up counter                                      : 2
# Registers                                            : 2
 Flip-Flops                                            : 2
# Comparators                                          : 6
 19-bit comparator equal                               : 1
 24-bit comparator equal                               : 1
 24-bit comparator not equal                           : 1
 3-bit comparator equal                                : 1
 3-bit comparator not equal                            : 1
 8-bit comparator greater                              : 1

=========================================================================

=========================================================================
*                         Low Level Synthesis                           *
=========================================================================

Optimizing unit <Sine_Compound> ...

Optimizing unit <Sine_Delayer> ...

Mapping all equations...
Building and optimizing final netlist ...
Found area constraint ratio of 100 (+ 5) on block Sine_Compound, actual ratio is 3.

Final Macro Processing ...

=========================================================================
Final Register Report

Macro Statistics
# Registers                                            : 64
 Flip-Flops                                            : 64

=========================================================================

=========================================================================
*                           Partition Report                            *
=========================================================================

Partition Implementation Status
-------------------------------

  No Partitions were found in this design.

-------------------------------

=========================================================================
*                            Final Report                               *
=========================================================================
Final Results
RTL Top Level Output File Name     : Sine_Compound.ngr
Top Level Output File Name         : Sine_Compound
Output Format                      : NGC
Optimization Goal                  : Speed
Keep Hierarchy                     : No

Design Statistics
# IOs                              : 49

Cell Usage :
# BELS                             : 255
#      GND                         : 2
#      INV                         : 6
#      LUT1                        : 54
#      LUT2                        : 8
#      LUT3                        : 9
#      LUT4                        : 29
#      LUT4_D                      : 1
#      LUT4_L                      : 1
#      MUXCY                       : 85
#      VCC                         : 1
#      XORCY                       : 59
# FlipFlops/Latches                : 64
#      FDR                         : 28
#      FDRE                        : 36
# RAMS                             : 1
#      RAMB16                      : 1
# Clock Buffers                    : 1
#      BUFGP                       : 1
# IO Buffers                       : 48
#      IBUF                        : 47
#      OBUF                        : 1
=========================================================================

Device utilization summary:
---------------------------

Selected Device : 3s200tq144-4 

 Number of Slices:                       56  out of   1920     2%  
 Number of Slice Flip Flops:             64  out of   3840     1%  
 Number of 4 input LUTs:                108  out of   3840     2%  
 Number of IOs:                          49
 Number of bonded IOBs:                  49  out of     97    50%  
 Number of BRAMs:                         1  out of     12     8%  
 Number of GCLKs:                         1  out of      8    12%  

---------------------------
Partition Resource Summary:
---------------------------

  No Partitions were found in this design.

---------------------------


=========================================================================
TIMING REPORT

NOTE: THESE TIMING NUMBERS ARE ONLY A SYNTHESIS ESTIMATE.
      FOR ACCURATE TIMING INFORMATION PLEASE REFER TO THE TRACE REPORT
      GENERATED AFTER PLACE-and-ROUTE.

Clock Information:
------------------
-----------------------------------+------------------------+-------+
Clock Signal                       | Clock buffer(FF name)  | Load  |
-----------------------------------+------------------------+-------+
Clk                                | BUFGP                  | 65    |
-----------------------------------+------------------------+-------+

Asynchronous Control Signals Information:
----------------------------------------
No asynchronous control signals found in this design

Timing Summary:
---------------
Speed Grade: -4

   Minimum period: 8.448ns (Maximum Frequency: 118.371MHz)
   Minimum input arrival time before clock: 8.056ns
   Maximum output required time after clock: 7.165ns
   Maximum combinational path delay: No path found

Timing Detail:
--------------
All values displayed in nanoseconds (ns)

=========================================================================
Timing constraint: Default period analysis for Clock 'Clk'
  Clock period: 8.448ns (frequency: 118.371MHz)
  Total number of paths / destination ports: 1996 / 144
-------------------------------------------------------------------------
Delay:               8.448ns (Levels of Logic = 8)
  Source:            u_PWM/PWMCount_0 (FF)
  Destination:       u_PWM/LED (FF)
  Source Clock:      Clk rising
  Destination Clock: Clk rising

  Data Path: u_PWM/PWMCount_0 to u_PWM/LED
                                Gate     Net
    Cell:in->out      fanout   Delay   Delay  Logical Name (Net Name)
    ----------------------------------------  ------------
     FDR:C->Q              7   0.720   1.261  u_PWM/PWMCount_0 (u_PWM/PWMCount_0)
     LUT4:I1->O            1   0.551   0.996  u_PWM/Madd_PWMCount_add0000_xor<3>11 (u_PWM/PWMCount_add0000<3>)
     LUT2:I1->O            1   0.551   0.000  u_PWM/Mcompar_LED_cmp_gt0000_lut<3> (u_PWM/Mcompar_LED_cmp_gt0000_lut<3>)
     MUXCY:S->O            1   0.500   0.000  u_PWM/Mcompar_LED_cmp_gt0000_cy<3> (u_PWM/Mcompar_LED_cmp_gt0000_cy<3>)
     MUXCY:CI->O           1   0.064   0.000  u_PWM/Mcompar_LED_cmp_gt0000_cy<4> (u_PWM/Mcompar_LED_cmp_gt0000_cy<4>)
     MUXCY:CI->O           1   0.064   0.000  u_PWM/Mcompar_LED_cmp_gt0000_cy<5> (u_PWM/Mcompar_LED_cmp_gt0000_cy<5>)
     MUXCY:CI->O           1   0.064   0.000  u_PWM/Mcompar_LED_cmp_gt0000_cy<6> (u_PWM/Mcompar_LED_cmp_gt0000_cy<6>)
     MUXCY:CI->O           1   0.303   0.996  u_PWM/Mcompar_LED_cmp_gt0000_cy<7> (u_PWM/Mcompar_LED_cmp_gt0000_cy<7>)
     LUT2:I1->O            1   0.551   0.801  u_PWM/LED_or00001 (u_PWM/LED_or0000)
     FDR:R                     1.026          u_PWM/LED
    ----------------------------------------
    Total                      8.448ns (4.394ns logic, 4.054ns route)
                                       (52.0% logic, 48.0% route)

=========================================================================
Timing constraint: Default OFFSET IN BEFORE for Clock 'Clk'
  Total number of paths / destination ports: 1329 / 102
-------------------------------------------------------------------------
Offset:              8.056ns (Levels of Logic = 13)
  Source:            Sine_ClkPerTick<1> (PAD)
  Destination:       u_Sine_Generator/ClkCounter_0 (FF)
  Destination Clock: Clk rising

  Data Path: Sine_ClkPerTick<1> to u_Sine_Generator/ClkCounter_0
                                Gate     Net
    Cell:in->out      fanout   Delay   Delay  Logical Name (Net Name)
    ----------------------------------------  ------------
     IBUF:I->O             1   0.821   1.140  Sine_ClkPerTick_1_IBUF (Sine_ClkPerTick_1_IBUF)
     LUT4:I0->O            1   0.551   0.000  u_Sine_Generator/Mcompar_Sine_Value_cmp_eq0000_lut<0> (u_Sine_Generator/Mcompar_Sine_Value_cmp_eq0000_lut<0>)
     MUXCY:S->O            1   0.500   0.000  u_Sine_Generator/Mcompar_Sine_Value_cmp_eq0000_cy<0> (u_Sine_Generator/Mcompar_Sine_Value_cmp_eq0000_cy<0>)
     MUXCY:CI->O           1   0.064   0.000  u_Sine_Generator/Mcompar_Sine_Value_cmp_eq0000_cy<1> (u_Sine_Generator/Mcompar_Sine_Value_cmp_eq0000_cy<1>)
     MUXCY:CI->O           1   0.064   0.000  u_Sine_Generator/Mcompar_Sine_Value_cmp_eq0000_cy<2> (u_Sine_Generator/Mcompar_Sine_Value_cmp_eq0000_cy<2>)
     MUXCY:CI->O           1   0.064   0.000  u_Sine_Generator/Mcompar_Sine_Value_cmp_eq0000_cy<3> (u_Sine_Generator/Mcompar_Sine_Value_cmp_eq0000_cy<3>)
     MUXCY:CI->O           1   0.064   0.000  u_Sine_Generator/Mcompar_Sine_Value_cmp_eq0000_cy<4> (u_Sine_Generator/Mcompar_Sine_Value_cmp_eq0000_cy<4>)
     MUXCY:CI->O           1   0.064   0.000  u_Sine_Generator/Mcompar_Sine_Value_cmp_eq0000_cy<5> (u_Sine_Generator/Mcompar_Sine_Value_cmp_eq0000_cy<5>)
     MUXCY:CI->O           1   0.064   0.000  u_Sine_Generator/Mcompar_Sine_Value_cmp_eq0000_cy<6> (u_Sine_Generator/Mcompar_Sine_Value_cmp_eq0000_cy<6>)
     MUXCY:CI->O           1   0.064   0.000  u_Sine_Generator/Mcompar_Sine_Value_cmp_eq0000_cy<7> (u_Sine_Generator/Mcompar_Sine_Value_cmp_eq0000_cy<7>)
     MUXCY:CI->O           1   0.064   0.000  u_Sine_Generator/Mcompar_Sine_Value_cmp_eq0000_cy<8> (u_Sine_Generator/Mcompar_Sine_Value_cmp_eq0000_cy<8>)
     MUXCY:CI->O          10   0.303   1.202  u_Sine_Generator/Mcompar_Sine_Value_cmp_eq0000_cy<9> (u_Sine_Generator/Mcompar_Sine_Value_cmp_eq0000_cy<9>)
     LUT3:I2->O           19   0.551   1.450  u_Sine_Generator/ClkCounter_or00001 (u_Sine_Generator/ClkCounter_or0000)
     FDR:R                     1.026          u_Sine_Generator/ClkCounter_0
    ----------------------------------------
    Total                      8.056ns (4.264ns logic, 3.792ns route)
                                       (52.9% logic, 47.1% route)

=========================================================================
Timing constraint: Default OFFSET OUT AFTER for Clock 'Clk'
  Total number of paths / destination ports: 1 / 1
-------------------------------------------------------------------------
Offset:              7.165ns (Levels of Logic = 1)
  Source:            u_PWM/LED (FF)
  Destination:       LED (PAD)
  Source Clock:      Clk rising

  Data Path: u_PWM/LED to LED
                                Gate     Net
    Cell:in->out      fanout   Delay   Delay  Logical Name (Net Name)
    ----------------------------------------  ------------
     FDR:C->Q              1   0.720   0.801  u_PWM/LED (u_PWM/LED)
     OBUF:I->O                 5.644          LED_OBUF (LED)
    ----------------------------------------
    Total                      7.165ns (6.364ns logic, 0.801ns route)
                                       (88.8% logic, 11.2% route)

=========================================================================


Total REAL time to Xst completion: 17.00 secs
Total CPU time to Xst completion: 17.25 secs
 
--> 

Total memory usage is 310292 kilobytes

Number of errors   :    0 (   0 filtered)
Number of warnings :    0 (   0 filtered)
Number of infos    :    3 (   0 filtered)

