Release 14.7 - xst P.20131013 (nt64)
Copyright (c) 1995-2013 Xilinx, Inc.  All rights reserved.
--> Parameter TMPDIR set to xst/projnav.tmp


Total REAL time to Xst completion: 0.00 secs
Total CPU time to Xst completion: 0.33 secs
 
--> Parameter xsthdpdir set to xst


Total REAL time to Xst completion: 0.00 secs
Total CPU time to Xst completion: 0.33 secs
 
--> Reading design: Sine_Generator.prj

TABLE OF CONTENTS
  1) Synthesis Options Summary
  2) HDL Compilation
  3) Design Hierarchy Analysis
  4) HDL Analysis
  5) HDL Synthesis
     5.1) HDL Synthesis Report
  6) Advanced HDL Synthesis
     6.1) Advanced HDL Synthesis Report
  7) Low Level Synthesis
  8) Partition Report
  9) Final Report
	9.1) Device utilization summary
	9.2) Partition Resource Summary
	9.3) TIMING REPORT


=========================================================================
*                      Synthesis Options Summary                        *
=========================================================================
---- Source Parameters
Input File Name                    : "Sine_Generator.prj"
Input Format                       : mixed
Ignore Synthesis Constraint File   : NO

---- Target Parameters
Output File Name                   : "Sine_Generator"
Output Format                      : NGC
Target Device                      : xc3s200-4-tq144

---- Source Options
Top Module Name                    : Sine_Generator
Automatic FSM Extraction           : YES
FSM Encoding Algorithm             : Auto
Safe Implementation                : No
FSM Style                          : LUT
RAM Extraction                     : Yes
RAM Style                          : Auto
ROM Extraction                     : Yes
Mux Style                          : Auto
Decoder Extraction                 : YES
Priority Encoder Extraction        : Yes
Shift Register Extraction          : YES
Logical Shifter Extraction         : YES
XOR Collapsing                     : YES
ROM Style                          : Auto
Mux Extraction                     : Yes
Resource Sharing                   : YES
Asynchronous To Synchronous        : NO
Multiplier Style                   : Auto
Automatic Register Balancing       : No

---- Target Options
Add IO Buffers                     : YES
Global Maximum Fanout              : 100000
Add Generic Clock Buffer(BUFG)     : 8
Register Duplication               : YES
Slice Packing                      : YES
Optimize Instantiated Primitives   : NO
Use Clock Enable                   : Yes
Use Synchronous Set                : Yes
Use Synchronous Reset              : Yes
Pack IO Registers into IOBs        : Auto
Equivalent register Removal        : YES

---- General Options
Optimization Goal                  : Speed
Optimization Effort                : 1
Keep Hierarchy                     : No
Netlist Hierarchy                  : As_Optimized
RTL Output                         : Yes
Global Optimization                : AllClockNets
Read Cores                         : YES
Write Timing Constraints           : NO
Cross Clock Analysis               : NO
Hierarchy Separator                : /
Bus Delimiter                      : <>
Case Specifier                     : Maintain
Slice Utilization Ratio            : 100
BRAM Utilization Ratio             : 100
Verilog 2001                       : YES
Auto BRAM Packing                  : NO
Slice Utilization Ratio Delta      : 5

=========================================================================


=========================================================================
*                          HDL Compilation                              *
=========================================================================
Compiling vhdl file "C:/Users/Oak/Documents/Xilinx ISE Workspace/PWM/SineGenerator.vhd" in Library work.
Entity <sine_generator> compiled.
Entity <sine_generator> (Architecture <behavioral>) compiled.

=========================================================================
*                     Design Hierarchy Analysis                         *
=========================================================================
Analyzing hierarchy for entity <Sine_Generator> in library <work> (architecture <behavioral>).


=========================================================================
*                            HDL Analysis                               *
=========================================================================
Analyzing Entity <Sine_Generator> in library <work> (Architecture <behavioral>).
INFO:Xst:1561 - "C:/Users/Oak/Documents/Xilinx ISE Workspace/PWM/SineGenerator.vhd" line 314: Mux is complete : default of case is discarded
Entity <Sine_Generator> analyzed. Unit <Sine_Generator> generated.


=========================================================================
*                           HDL Synthesis                               *
=========================================================================

Performing bidirectional port resolution...

Synthesizing Unit <Sine_Generator>.
    Related source file is "C:/Users/Oak/Documents/Xilinx ISE Workspace/PWM/SineGenerator.vhd".
    Found 256x8-bit ROM for signal <Sine_Value$mux0001> created at line 58.
    Found 8-bit register for signal <Sine_Value>.
    Found 19-bit up counter for signal <ClkCounter>.
    Found 8-bit up counter for signal <Sine_Position>.
    Found 19-bit comparator equal for signal <Sine_Value$cmp_eq0000> created at line 56.
    Summary:
	inferred   1 ROM(s).
	inferred   2 Counter(s).
	inferred   8 D-type flip-flop(s).
	inferred   1 Comparator(s).
Unit <Sine_Generator> synthesized.


=========================================================================
HDL Synthesis Report

Macro Statistics
# ROMs                                                 : 1
 256x8-bit ROM                                         : 1
# Counters                                             : 2
 19-bit up counter                                     : 1
 8-bit up counter                                      : 1
# Registers                                            : 1
 8-bit register                                        : 1
# Comparators                                          : 1
 19-bit comparator equal                               : 1

=========================================================================

=========================================================================
*                       Advanced HDL Synthesis                          *
=========================================================================


Synthesizing (advanced) Unit <Sine_Generator>.
INFO:Xst:3044 - The ROM <Mrom_Sine_Value_mux0001> will be implemented as a read-only BLOCK RAM, absorbing the register: <Sine_Value>.
INFO:Xst:3225 - The RAM <Mrom_Sine_Value_mux0001> will be implemented as BLOCK RAM
    -----------------------------------------------------------------------
    | ram_type           | Block                               |          |
    -----------------------------------------------------------------------
    | Port A                                                              |
    |     aspect ratio   | 256-word x 8-bit                    |          |
    |     mode           | write-first                         |          |
    |     clkA           | connected to signal <Clk>           | rise     |
    |     enA            | connected to signal <Sine_Value_cmp_eq0000> | high     |
    |     weA            | connected to signal <GND>           | high     |
    |     addrA          | connected to signal <Sine_Position> |          |
    |     diA            | connected to signal <GND>           |          |
    |     doA            | connected to signal <Sine_Value>    |          |
    |     dorstA         | connected to signal <Sine_Value_not0001> | low      |
    | reset value        | 10000000                                       |
    -----------------------------------------------------------------------
    | optimization       | speed                               |          |
    -----------------------------------------------------------------------
Unit <Sine_Generator> synthesized (advanced).

=========================================================================
Advanced HDL Synthesis Report

Macro Statistics
# RAMs                                                 : 1
 256x8-bit single-port block RAM                       : 1
# Counters                                             : 2
 19-bit up counter                                     : 1
 8-bit up counter                                      : 1
# Comparators                                          : 1
 19-bit comparator equal                               : 1

=========================================================================

=========================================================================
*                         Low Level Synthesis                           *
=========================================================================

Optimizing unit <Sine_Generator> ...

Mapping all equations...
Building and optimizing final netlist ...
Found area constraint ratio of 100 (+ 5) on block Sine_Generator, actual ratio is 1.

Final Macro Processing ...

=========================================================================
Final Register Report

Macro Statistics
# Registers                                            : 27
 Flip-Flops                                            : 27

=========================================================================

=========================================================================
*                           Partition Report                            *
=========================================================================

Partition Implementation Status
-------------------------------

  No Partitions were found in this design.

-------------------------------

=========================================================================
*                            Final Report                               *
=========================================================================
Final Results
RTL Top Level Output File Name     : Sine_Generator.ngr
Top Level Output File Name         : Sine_Generator
Output Format                      : NGC
Optimization Goal                  : Speed
Keep Hierarchy                     : No

Design Statistics
# IOs                              : 30

Cell Usage :
# BELS                             : 103
#      GND                         : 2
#      INV                         : 2
#      LUT1                        : 24
#      LUT2                        : 2
#      LUT3                        : 1
#      LUT4                        : 9
#      MUXCY                       : 35
#      VCC                         : 1
#      XORCY                       : 27
# FlipFlops/Latches                : 27
#      FDR                         : 19
#      FDRE                        : 8
# RAMS                             : 1
#      RAMB16                      : 1
# Clock Buffers                    : 1
#      BUFGP                       : 1
# IO Buffers                       : 29
#      IBUF                        : 21
#      OBUF                        : 8
=========================================================================

Device utilization summary:
---------------------------

Selected Device : 3s200tq144-4 

 Number of Slices:                       20  out of   1920     1%  
 Number of Slice Flip Flops:             27  out of   3840     0%  
 Number of 4 input LUTs:                 38  out of   3840     0%  
 Number of IOs:                          30
 Number of bonded IOBs:                  30  out of     97    30%  
 Number of BRAMs:                         1  out of     12     8%  
 Number of GCLKs:                         1  out of      8    12%  

---------------------------
Partition Resource Summary:
---------------------------

  No Partitions were found in this design.

---------------------------


=========================================================================
TIMING REPORT

NOTE: THESE TIMING NUMBERS ARE ONLY A SYNTHESIS ESTIMATE.
      FOR ACCURATE TIMING INFORMATION PLEASE REFER TO THE TRACE REPORT
      GENERATED AFTER PLACE-and-ROUTE.

Clock Information:
------------------
-----------------------------------+------------------------+-------+
Clock Signal                       | Clock buffer(FF name)  | Load  |
-----------------------------------+------------------------+-------+
Clk                                | BUFGP                  | 28    |
-----------------------------------+------------------------+-------+

Asynchronous Control Signals Information:
----------------------------------------
No asynchronous control signals found in this design

Timing Summary:
---------------
Speed Grade: -4

   Minimum period: 7.760ns (Maximum Frequency: 128.866MHz)
   Minimum input arrival time before clock: 8.056ns
   Maximum output required time after clock: No path found
   Maximum combinational path delay: No path found

Timing Detail:
--------------
All values displayed in nanoseconds (ns)

=========================================================================
Timing constraint: Default period analysis for Clock 'Clk'
  Clock period: 7.760ns (frequency: 128.866MHz)
  Total number of paths / destination ports: 766 / 63
-------------------------------------------------------------------------
Delay:               7.760ns (Levels of Logic = 12)
  Source:            ClkCounter_1 (FF)
  Destination:       ClkCounter_0 (FF)
  Source Clock:      Clk rising
  Destination Clock: Clk rising

  Data Path: ClkCounter_1 to ClkCounter_0
                                Gate     Net
    Cell:in->out      fanout   Delay   Delay  Logical Name (Net Name)
    ----------------------------------------  ------------
     FDR:C->Q              2   0.720   0.945  ClkCounter_1 (ClkCounter_1)
     LUT4:I2->O            1   0.551   0.000  Mcompar_Sine_Value_cmp_eq0000_lut<0> (Mcompar_Sine_Value_cmp_eq0000_lut<0>)
     MUXCY:S->O            1   0.500   0.000  Mcompar_Sine_Value_cmp_eq0000_cy<0> (Mcompar_Sine_Value_cmp_eq0000_cy<0>)
     MUXCY:CI->O           1   0.064   0.000  Mcompar_Sine_Value_cmp_eq0000_cy<1> (Mcompar_Sine_Value_cmp_eq0000_cy<1>)
     MUXCY:CI->O           1   0.064   0.000  Mcompar_Sine_Value_cmp_eq0000_cy<2> (Mcompar_Sine_Value_cmp_eq0000_cy<2>)
     MUXCY:CI->O           1   0.064   0.000  Mcompar_Sine_Value_cmp_eq0000_cy<3> (Mcompar_Sine_Value_cmp_eq0000_cy<3>)
     MUXCY:CI->O           1   0.064   0.000  Mcompar_Sine_Value_cmp_eq0000_cy<4> (Mcompar_Sine_Value_cmp_eq0000_cy<4>)
     MUXCY:CI->O           1   0.064   0.000  Mcompar_Sine_Value_cmp_eq0000_cy<5> (Mcompar_Sine_Value_cmp_eq0000_cy<5>)
     MUXCY:CI->O           1   0.064   0.000  Mcompar_Sine_Value_cmp_eq0000_cy<6> (Mcompar_Sine_Value_cmp_eq0000_cy<6>)
     MUXCY:CI->O           1   0.064   0.000  Mcompar_Sine_Value_cmp_eq0000_cy<7> (Mcompar_Sine_Value_cmp_eq0000_cy<7>)
     MUXCY:CI->O           1   0.064   0.000  Mcompar_Sine_Value_cmp_eq0000_cy<8> (Mcompar_Sine_Value_cmp_eq0000_cy<8>)
     MUXCY:CI->O          10   0.303   1.202  Mcompar_Sine_Value_cmp_eq0000_cy<9> (Mcompar_Sine_Value_cmp_eq0000_cy<9>)
     LUT3:I2->O           19   0.551   1.450  ClkCounter_or00001 (ClkCounter_or0000)
     FDR:R                     1.026          ClkCounter_0
    ----------------------------------------
    Total                      7.760ns (4.163ns logic, 3.597ns route)
                                       (53.6% logic, 46.4% route)

=========================================================================
Timing constraint: Default OFFSET IN BEFORE for Clock 'Clk'
  Total number of paths / destination ports: 588 / 37
-------------------------------------------------------------------------
Offset:              8.056ns (Levels of Logic = 13)
  Source:            Sine_ClkPerTick<1> (PAD)
  Destination:       ClkCounter_0 (FF)
  Destination Clock: Clk rising

  Data Path: Sine_ClkPerTick<1> to ClkCounter_0
                                Gate     Net
    Cell:in->out      fanout   Delay   Delay  Logical Name (Net Name)
    ----------------------------------------  ------------
     IBUF:I->O             1   0.821   1.140  Sine_ClkPerTick_1_IBUF (Sine_ClkPerTick_1_IBUF)
     LUT4:I0->O            1   0.551   0.000  Mcompar_Sine_Value_cmp_eq0000_lut<0> (Mcompar_Sine_Value_cmp_eq0000_lut<0>)
     MUXCY:S->O            1   0.500   0.000  Mcompar_Sine_Value_cmp_eq0000_cy<0> (Mcompar_Sine_Value_cmp_eq0000_cy<0>)
     MUXCY:CI->O           1   0.064   0.000  Mcompar_Sine_Value_cmp_eq0000_cy<1> (Mcompar_Sine_Value_cmp_eq0000_cy<1>)
     MUXCY:CI->O           1   0.064   0.000  Mcompar_Sine_Value_cmp_eq0000_cy<2> (Mcompar_Sine_Value_cmp_eq0000_cy<2>)
     MUXCY:CI->O           1   0.064   0.000  Mcompar_Sine_Value_cmp_eq0000_cy<3> (Mcompar_Sine_Value_cmp_eq0000_cy<3>)
     MUXCY:CI->O           1   0.064   0.000  Mcompar_Sine_Value_cmp_eq0000_cy<4> (Mcompar_Sine_Value_cmp_eq0000_cy<4>)
     MUXCY:CI->O           1   0.064   0.000  Mcompar_Sine_Value_cmp_eq0000_cy<5> (Mcompar_Sine_Value_cmp_eq0000_cy<5>)
     MUXCY:CI->O           1   0.064   0.000  Mcompar_Sine_Value_cmp_eq0000_cy<6> (Mcompar_Sine_Value_cmp_eq0000_cy<6>)
     MUXCY:CI->O           1   0.064   0.000  Mcompar_Sine_Value_cmp_eq0000_cy<7> (Mcompar_Sine_Value_cmp_eq0000_cy<7>)
     MUXCY:CI->O           1   0.064   0.000  Mcompar_Sine_Value_cmp_eq0000_cy<8> (Mcompar_Sine_Value_cmp_eq0000_cy<8>)
     MUXCY:CI->O          10   0.303   1.202  Mcompar_Sine_Value_cmp_eq0000_cy<9> (Mcompar_Sine_Value_cmp_eq0000_cy<9>)
     LUT3:I2->O           19   0.551   1.450  ClkCounter_or00001 (ClkCounter_or0000)
     FDR:R                     1.026          ClkCounter_0
    ----------------------------------------
    Total                      8.056ns (4.264ns logic, 3.792ns route)
                                       (52.9% logic, 47.1% route)

=========================================================================


Total REAL time to Xst completion: 15.00 secs
Total CPU time to Xst completion: 15.78 secs
 
--> 

Total memory usage is 310260 kilobytes

Number of errors   :    0 (   0 filtered)
Number of warnings :    0 (   0 filtered)
Number of infos    :    3 (   0 filtered)

