Command line:
   TXModule_isim_beh.exe
     -simmode  gui
     -simrunnum  0
     -socket  49880

Sat Jan 14 09:52:34 2017


 Elaboration Time: 0.09375 sec

 Current Memory Usage: 842.691 Meg

 Total Signals          : 12
 Total Nets             : 57
 Total Signal Drivers   : 6
 Total Blocks           : 5
 Total Primitive Blocks : 5
 Total Processes        : 2
 Total Traceable Variables  : 15
 Total Scalar Nets and Variables : 558
Total Line Count : 22

 Total Simulation Time: 0.28125 sec

 Current Memory Usage: 999.977 Meg

Sat Jan 14 09:53:01 2017

